[16:29:15] I/launcher - Running 1 instances of WebDriver
[16:29:15] I/hosted - Using the selenium server at http://localhost:4444/wd/hub
Started
null
test_step_inputadmin
test_step_inputadmin1
test_step_click Login
[31mF[0m[31mF[0mtest_step_inputadmin
test_step_inputadmin1
test_step_click Login
test_step_click Glossary
presence
Assertion Failed: Expected element xpath/html/body/app-root/app-layout/section/app-charts/p is not present in current page. :Assertion Failed
test_step_click Dashboard
test_step_click Log Out
[32m.[0mtest_step_inputadmin
test_step_inputadmin1
test_step_click Login
[31mF[0m[31mF[0mtest_step_inputadmin
test_step_inputadmin1
test_step_click Login
[31mF[0m[31mF[0mtest_step_inputadmin
test_step_inputadmin1
test_step_click Login
[31mF[0m[31mF[0mtest_step_inputadmin
test_step_inputadmin1
test_step_click Login
[31mF[0m

Failures:
1) Cobol1 XRefReportClearSearch_testcase1
  Message:
[31m    Failed: Wait timed out after 60077ms[0m
  Stack:
    TimeoutError: Wait timed out after 60077ms
        at C:\Users\dr00810779\AppData\Roaming\npm\node_modules\protractor\node_modules\selenium-webdriver\lib\promise.js:2201:17
        at ManagedPromise.invokeCallback_ (C:\Users\dr00810779\AppData\Roaming\npm\node_modules\protractor\node_modules\selenium-webdriver\lib\promise.js:1376:14)
        at TaskQueue.execute_ (C:\Users\dr00810779\AppData\Roaming\npm\node_modules\protractor\node_modules\selenium-webdriver\lib\promise.js:3084:14)
        at TaskQueue.executeNext_ (C:\Users\dr00810779\AppData\Roaming\npm\node_modules\protractor\node_modules\selenium-webdriver\lib\promise.js:3067:27)
        at C:\Users\dr00810779\AppData\Roaming\npm\node_modules\protractor\node_modules\selenium-webdriver\lib\promise.js:2927:27
        at C:\Users\dr00810779\AppData\Roaming\npm\node_modules\protractor\node_modules\selenium-webdriver\lib\promise.js:668:7
        at runMicrotasks (<anonymous>)
        at processTicksAndRejections (internal/process/task_queues.js:95:5)
    From: Task: <anonymous wait>
        at scheduleWait (C:\Users\dr00810779\AppData\Roaming\npm\node_modules\protractor\node_modules\selenium-webdriver\lib\promise.js:2188:20)
        at ControlFlow.wait (C:\Users\dr00810779\AppData\Roaming\npm\node_modules\protractor\node_modules\selenium-webdriver\lib\promise.js:2517:12)
        at thenableWebDriverProxy.wait (C:\Users\dr00810779\AppData\Roaming\npm\node_modules\protractor\node_modules\selenium-webdriver\lib\webdriver.js:934:29)
        at run (C:\Users\dr00810779\AppData\Roaming\npm\node_modules\protractor\built\browser.js:58:33)
        at ProtractorBrowser.to.<computed> [as wait] (C:\Users\dr00810779\AppData\Roaming\npm\node_modules\protractor\built\browser.js:66:16)
        at UserContext.<anonymous> (D:\iTAP\Recorded_Scenarios\testRun\Cobol1\spec.js:124:9)
        at C:\Users\dr00810779\AppData\Roaming\npm\node_modules\protractor\node_modules\jasminewd2\index.js:112:25
        at new ManagedPromise (C:\Users\dr00810779\AppData\Roaming\npm\node_modules\protractor\node_modules\selenium-webdriver\lib\promise.js:1077:7)
        at ControlFlow.promise (C:\Users\dr00810779\AppData\Roaming\npm\node_modules\protractor\node_modules\selenium-webdriver\lib\promise.js:2505:12)
        at schedulerExecute (C:\Users\dr00810779\AppData\Roaming\npm\node_modules\protractor\node_modules\jasminewd2\index.js:95:18)
    From: Task: Run it("XRefReportClearSearch_testcase1") in control flow
        at UserContext.<anonymous> (C:\Users\dr00810779\AppData\Roaming\npm\node_modules\protractor\node_modules\jasminewd2\index.js:94:19)
    From asynchronous test: 
    Error
        at Suite.<anonymous> (D:\iTAP\Recorded_Scenarios\testRun\Cobol1\spec.js:8:1)
        at Object.<anonymous> (D:\iTAP\Recorded_Scenarios\testRun\Cobol1\spec.js:6:26)
        at Module._compile (internal/modules/cjs/loader.js:1085:14)
        at Object.Module._extensions..js (internal/modules/cjs/loader.js:1114:10)
        at Module.load (internal/modules/cjs/loader.js:950:32)
        at Function.Module._load (internal/modules/cjs/loader.js:790:14)

2) Cobol1 VariableImpactReport_testcase2
  Message:
[31m    Failed: unexpected alert open: {Alert text : }
      (Session info: chrome=104.0.5112.81): {Alert text : 
    Build info: version: '3.141.59', revision: 'e82be7d358', time: '2018-11-14T08:25:53'
    System info: host: 'INCHCMLP12070', ip: '192.168.1.102', os.name: 'Windows 10', os.arch: 'amd64', os.version: '10.0', java.version: '11.0.12'
    Driver info: driver.version: unknown[0m
  Stack:
    UnexpectedAlertOpenError: unexpected alert open: {Alert text : }
      (Session info: chrome=104.0.5112.81): {Alert text : 
    Build info: version: '3.141.59', revision: 'e82be7d358', time: '2018-11-14T08:25:53'
    System info: host: 'INCHCMLP12070', ip: '192.168.1.102', os.name: 'Windows 10', os.arch: 'amd64', os.version: '10.0', java.version: '11.0.12'
    Driver info: driver.version: unknown
        at Object.checkLegacyResponse (C:\Users\dr00810779\AppData\Roaming\npm\node_modules\protractor\node_modules\selenium-webdriver\lib\error.js:553:13)
        at parseHttpResponse (C:\Users\dr00810779\AppData\Roaming\npm\node_modules\protractor\node_modules\selenium-webdriver\lib\http.js:509:13)
        at C:\Users\dr00810779\AppData\Roaming\npm\node_modules\protractor\node_modules\selenium-webdriver\lib\http.js:441:30
        at runMicrotasks (<anonymous>)
        at processTicksAndRejections (internal/process/task_queues.js:95:5)
    From: Task: WebDriver.findElements(By(xpath, //input[@id="Uname"]))
        at thenableWebDriverProxy.schedule (C:\Users\dr00810779\AppData\Roaming\npm\node_modules\protractor\node_modules\selenium-webdriver\lib\webdriver.js:807:17)
        at thenableWebDriverProxy.findElements (C:\Users\dr00810779\AppData\Roaming\npm\node_modules\protractor\node_modules\selenium-webdriver\lib\webdriver.js:1048:19)
        at C:\Users\dr00810779\AppData\Roaming\npm\node_modules\protractor\built\element.js:159:44
        at ManagedPromise.invokeCallback_ (C:\Users\dr00810779\AppData\Roaming\npm\node_modules\protractor\node_modules\selenium-webdriver\lib\promise.js:1376:14)
        at TaskQueue.execute_ (C:\Users\dr00810779\AppData\Roaming\npm\node_modules\protractor\node_modules\selenium-webdriver\lib\promise.js:3084:14)
        at TaskQueue.executeNext_ (C:\Users\dr00810779\AppData\Roaming\npm\node_modules\protractor\node_modules\selenium-webdriver\lib\promise.js:3067:27)
        at C:\Users\dr00810779\AppData\Roaming\npm\node_modules\protractor\node_modules\selenium-webdriver\lib\promise.js:2927:27
        at C:\Users\dr00810779\AppData\Roaming\npm\node_modules\protractor\node_modules\selenium-webdriver\lib\promise.js:668:7
    From: Task: <anonymous>
        at pollCondition (C:\Users\dr00810779\AppData\Roaming\npm\node_modules\protractor\node_modules\selenium-webdriver\lib\promise.js:2195:19)
        at C:\Users\dr00810779\AppData\Roaming\npm\node_modules\protractor\node_modules\selenium-webdriver\lib\promise.js:2191:7
        at new ManagedPromise (C:\Users\dr00810779\AppData\Roaming\npm\node_modules\protractor\node_modules\selenium-webdriver\lib\promise.js:1077:7)
        at ControlFlow.promise (C:\Users\dr00810779\AppData\Roaming\npm\node_modules\protractor\node_modules\selenium-webdriver\lib\promise.js:2505:12)
        at C:\Users\dr00810779\AppData\Roaming\npm\node_modules\protractor\node_modules\selenium-webdriver\lib\promise.js:2190:22
        at TaskQueue.execute_ (C:\Users\dr00810779\AppData\Roaming\npm\node_modules\protractor\node_modules\selenium-webdriver\lib\promise.js:3084:14)
        at TaskQueue.executeNext_ (C:\Users\dr00810779\AppData\Roaming\npm\node_modules\protractor\node_modules\selenium-webdriver\lib\promise.js:3067:27)
        at C:\Users\dr00810779\AppData\Roaming\npm\node_modules\protractor\node_modules\selenium-webdriver\lib\promise.js:2927:27
        at C:\Users\dr00810779\AppData\Roaming\npm\node_modules\protractor\node_modules\selenium-webdriver\lib\promise.js:668:7
    From: Task: Element taking too long to appear in the DOM
        at scheduleWait (C:\Users\dr00810779\AppData\Roaming\npm\node_modules\protractor\node_modules\selenium-webdriver\lib\promise.js:2188:20)
        at ControlFlow.wait (C:\Users\dr00810779\AppData\Roaming\npm\node_modules\protractor\node_modules\selenium-webdriver\lib\promise.js:2517:12)
        at thenableWebDriverProxy.wait (C:\Users\dr00810779\AppData\Roaming\npm\node_modules\protractor\node_modules\selenium-webdriver\lib\webdriver.js:934:29)
        at run (C:\Users\dr00810779\AppData\Roaming\npm\node_modules\protractor\built\browser.js:58:33)
        at ProtractorBrowser.to.<computed> [as wait] (C:\Users\dr00810779\AppData\Roaming\npm\node_modules\protractor\built\browser.js:66:16)
        at UserContext.<anonymous> (D:\iTAP\Recorded_Scenarios\testRun\Cobol1\spec.js:398:9)
        at C:\Users\dr00810779\AppData\Roaming\npm\node_modules\protractor\node_modules\jasminewd2\index.js:112:25
        at new ManagedPromise (C:\Users\dr00810779\AppData\Roaming\npm\node_modules\protractor\node_modules\selenium-webdriver\lib\promise.js:1077:7)
        at ControlFlow.promise (C:\Users\dr00810779\AppData\Roaming\npm\node_modules\protractor\node_modules\selenium-webdriver\lib\promise.js:2505:12)
        at schedulerExecute (C:\Users\dr00810779\AppData\Roaming\npm\node_modules\protractor\node_modules\jasminewd2\index.js:95:18)
    From: Task: Run it("VariableImpactReport_testcase2") in control flow
        at UserContext.<anonymous> (C:\Users\dr00810779\AppData\Roaming\npm\node_modules\protractor\node_modules\jasminewd2\index.js:94:19)
    From asynchronous test: 
    Error
        at Suite.<anonymous> (D:\iTAP\Recorded_Scenarios\testRun\Cobol1\spec.js:377:1)
        at Object.<anonymous> (D:\iTAP\Recorded_Scenarios\testRun\Cobol1\spec.js:6:26)
        at Module._compile (internal/modules/cjs/loader.js:1085:14)
        at Object.Module._extensions..js (internal/modules/cjs/loader.js:1114:10)
        at Module.load (internal/modules/cjs/loader.js:950:32)
        at Function.Module._load (internal/modules/cjs/loader.js:790:14)

3) Cobol1 VariableImpactNotPresenceSummaryView_testcase4
  Message:
[31m    Failed: Wait timed out after 60021ms[0m
  Stack:
    TimeoutError: Wait timed out after 60021ms
        at C:\Users\dr00810779\AppData\Roaming\npm\node_modules\protractor\node_modules\selenium-webdriver\lib\promise.js:2201:17
        at ManagedPromise.invokeCallback_ (C:\Users\dr00810779\AppData\Roaming\npm\node_modules\protractor\node_modules\selenium-webdriver\lib\promise.js:1376:14)
        at TaskQueue.execute_ (C:\Users\dr00810779\AppData\Roaming\npm\node_modules\protractor\node_modules\selenium-webdriver\lib\promise.js:3084:14)
        at TaskQueue.executeNext_ (C:\Users\dr00810779\AppData\Roaming\npm\node_modules\protractor\node_modules\selenium-webdriver\lib\promise.js:3067:27)
        at C:\Users\dr00810779\AppData\Roaming\npm\node_modules\protractor\node_modules\selenium-webdriver\lib\promise.js:2927:27
        at C:\Users\dr00810779\AppData\Roaming\npm\node_modules\protractor\node_modules\selenium-webdriver\lib\promise.js:668:7
        at runMicrotasks (<anonymous>)
        at processTicksAndRejections (internal/process/task_queues.js:95:5)
    From: Task: <anonymous wait>
        at scheduleWait (C:\Users\dr00810779\AppData\Roaming\npm\node_modules\protractor\node_modules\selenium-webdriver\lib\promise.js:2188:20)
        at ControlFlow.wait (C:\Users\dr00810779\AppData\Roaming\npm\node_modules\protractor\node_modules\selenium-webdriver\lib\promise.js:2517:12)
        at thenableWebDriverProxy.wait (C:\Users\dr00810779\AppData\Roaming\npm\node_modules\protractor\node_modules\selenium-webdriver\lib\webdriver.js:934:29)
        at run (C:\Users\dr00810779\AppData\Roaming\npm\node_modules\protractor\built\browser.js:58:33)
        at ProtractorBrowser.to.<computed> [as wait] (C:\Users\dr00810779\AppData\Roaming\npm\node_modules\protractor\built\browser.js:66:16)
        at UserContext.<anonymous> (D:\iTAP\Recorded_Scenarios\testRun\Cobol1\spec.js:966:9)
        at C:\Users\dr00810779\AppData\Roaming\npm\node_modules\protractor\node_modules\jasminewd2\index.js:112:25
        at new ManagedPromise (C:\Users\dr00810779\AppData\Roaming\npm\node_modules\protractor\node_modules\selenium-webdriver\lib\promise.js:1077:7)
        at ControlFlow.promise (C:\Users\dr00810779\AppData\Roaming\npm\node_modules\protractor\node_modules\selenium-webdriver\lib\promise.js:2505:12)
        at schedulerExecute (C:\Users\dr00810779\AppData\Roaming\npm\node_modules\protractor\node_modules\jasminewd2\index.js:95:18)
    From: Task: Run it("VariableImpactNotPresenceSummaryView_testcase4") in control flow
        at UserContext.<anonymous> (C:\Users\dr00810779\AppData\Roaming\npm\node_modules\protractor\node_modules\jasminewd2\index.js:94:19)
    From asynchronous test: 
    Error
        at Suite.<anonymous> (D:\iTAP\Recorded_Scenarios\testRun\Cobol1\spec.js:848:1)
        at Object.<anonymous> (D:\iTAP\Recorded_Scenarios\testRun\Cobol1\spec.js:6:26)
        at Module._compile (internal/modules/cjs/loader.js:1085:14)
        at Object.Module._extensions..js (internal/modules/cjs/loader.js:1114:10)
        at Module.load (internal/modules/cjs/loader.js:950:32)
        at Function.Module._load (internal/modules/cjs/loader.js:790:14)

4) Cobol1 XRefTotalEntriesRecord_testcase5
  Message:
[31m    Failed: unexpected alert open: {Alert text : }
      (Session info: chrome=104.0.5112.81): {Alert text : 
    Build info: version: '3.141.59', revision: 'e82be7d358', time: '2018-11-14T08:25:53'
    System info: host: 'INCHCMLP12070', ip: '192.168.1.102', os.name: 'Windows 10', os.arch: 'amd64', os.version: '10.0', java.version: '11.0.12'
    Driver info: driver.version: unknown[0m
  Stack:
    UnexpectedAlertOpenError: unexpected alert open: {Alert text : }
      (Session info: chrome=104.0.5112.81): {Alert text : 
    Build info: version: '3.141.59', revision: 'e82be7d358', time: '2018-11-14T08:25:53'
    System info: host: 'INCHCMLP12070', ip: '192.168.1.102', os.name: 'Windows 10', os.arch: 'amd64', os.version: '10.0', java.version: '11.0.12'
    Driver info: driver.version: unknown
        at Object.checkLegacyResponse (C:\Users\dr00810779\AppData\Roaming\npm\node_modules\protractor\node_modules\selenium-webdriver\lib\error.js:553:13)
        at parseHttpResponse (C:\Users\dr00810779\AppData\Roaming\npm\node_modules\protractor\node_modules\selenium-webdriver\lib\http.js:509:13)
        at C:\Users\dr00810779\AppData\Roaming\npm\node_modules\protractor\node_modules\selenium-webdriver\lib\http.js:441:30
        at runMicrotasks (<anonymous>)
        at processTicksAndRejections (internal/process/task_queues.js:95:5)
    From: Task: WebDriver.findElements(By(xpath, //input[@id="Uname"]))
        at thenableWebDriverProxy.schedule (C:\Users\dr00810779\AppData\Roaming\npm\node_modules\protractor\node_modules\selenium-webdriver\lib\webdriver.js:807:17)
        at thenableWebDriverProxy.findElements (C:\Users\dr00810779\AppData\Roaming\npm\node_modules\protractor\node_modules\selenium-webdriver\lib\webdriver.js:1048:19)
        at C:\Users\dr00810779\AppData\Roaming\npm\node_modules\protractor\built\element.js:159:44
        at ManagedPromise.invokeCallback_ (C:\Users\dr00810779\AppData\Roaming\npm\node_modules\protractor\node_modules\selenium-webdriver\lib\promise.js:1376:14)
        at TaskQueue.execute_ (C:\Users\dr00810779\AppData\Roaming\npm\node_modules\protractor\node_modules\selenium-webdriver\lib\promise.js:3084:14)
        at TaskQueue.executeNext_ (C:\Users\dr00810779\AppData\Roaming\npm\node_modules\protractor\node_modules\selenium-webdriver\lib\promise.js:3067:27)
        at C:\Users\dr00810779\AppData\Roaming\npm\node_modules\protractor\node_modules\selenium-webdriver\lib\promise.js:2927:27
        at C:\Users\dr00810779\AppData\Roaming\npm\node_modules\protractor\node_modules\selenium-webdriver\lib\promise.js:668:7
    From: Task: <anonymous>
        at pollCondition (C:\Users\dr00810779\AppData\Roaming\npm\node_modules\protractor\node_modules\selenium-webdriver\lib\promise.js:2195:19)
        at C:\Users\dr00810779\AppData\Roaming\npm\node_modules\protractor\node_modules\selenium-webdriver\lib\promise.js:2191:7
        at new ManagedPromise (C:\Users\dr00810779\AppData\Roaming\npm\node_modules\protractor\node_modules\selenium-webdriver\lib\promise.js:1077:7)
        at ControlFlow.promise (C:\Users\dr00810779\AppData\Roaming\npm\node_modules\protractor\node_modules\selenium-webdriver\lib\promise.js:2505:12)
        at C:\Users\dr00810779\AppData\Roaming\npm\node_modules\protractor\node_modules\selenium-webdriver\lib\promise.js:2190:22
        at TaskQueue.execute_ (C:\Users\dr00810779\AppData\Roaming\npm\node_modules\protractor\node_modules\selenium-webdriver\lib\promise.js:3084:14)
        at TaskQueue.executeNext_ (C:\Users\dr00810779\AppData\Roaming\npm\node_modules\protractor\node_modules\selenium-webdriver\lib\promise.js:3067:27)
        at C:\Users\dr00810779\AppData\Roaming\npm\node_modules\protractor\node_modules\selenium-webdriver\lib\promise.js:2927:27
        at C:\Users\dr00810779\AppData\Roaming\npm\node_modules\protractor\node_modules\selenium-webdriver\lib\promise.js:668:7
    From: Task: Element taking too long to appear in the DOM
        at scheduleWait (C:\Users\dr00810779\AppData\Roaming\npm\node_modules\protractor\node_modules\selenium-webdriver\lib\promise.js:2188:20)
        at ControlFlow.wait (C:\Users\dr00810779\AppData\Roaming\npm\node_modules\protractor\node_modules\selenium-webdriver\lib\promise.js:2517:12)
        at thenableWebDriverProxy.wait (C:\Users\dr00810779\AppData\Roaming\npm\node_modules\protractor\node_modules\selenium-webdriver\lib\webdriver.js:934:29)
        at run (C:\Users\dr00810779\AppData\Roaming\npm\node_modules\protractor\built\browser.js:58:33)
        at ProtractorBrowser.to.<computed> [as wait] (C:\Users\dr00810779\AppData\Roaming\npm\node_modules\protractor\built\browser.js:66:16)
        at UserContext.<anonymous> (D:\iTAP\Recorded_Scenarios\testRun\Cobol1\spec.js:1030:9)
        at C:\Users\dr00810779\AppData\Roaming\npm\node_modules\protractor\node_modules\jasminewd2\index.js:112:25
        at new ManagedPromise (C:\Users\dr00810779\AppData\Roaming\npm\node_modules\protractor\node_modules\selenium-webdriver\lib\promise.js:1077:7)
        at ControlFlow.promise (C:\Users\dr00810779\AppData\Roaming\npm\node_modules\protractor\node_modules\selenium-webdriver\lib\promise.js:2505:12)
        at schedulerExecute (C:\Users\dr00810779\AppData\Roaming\npm\node_modules\protractor\node_modules\jasminewd2\index.js:95:18)
    From: Task: Run it("XRefTotalEntriesRecord_testcase5") in control flow
        at UserContext.<anonymous> (C:\Users\dr00810779\AppData\Roaming\npm\node_modules\protractor\node_modules\jasminewd2\index.js:94:19)
    From asynchronous test: 
    Error
        at Suite.<anonymous> (D:\iTAP\Recorded_Scenarios\testRun\Cobol1\spec.js:1009:1)
        at Object.<anonymous> (D:\iTAP\Recorded_Scenarios\testRun\Cobol1\spec.js:6:26)
        at Module._compile (internal/modules/cjs/loader.js:1085:14)
        at Object.Module._extensions..js (internal/modules/cjs/loader.js:1114:10)
        at Module.load (internal/modules/cjs/loader.js:950:32)
        at Function.Module._load (internal/modules/cjs/loader.js:790:14)

5) Cobol1 XRefReportTotal_testcase6
  Message:
[31m    Failed: Wait timed out after 60087ms[0m
  Stack:
    TimeoutError: Wait timed out after 60087ms
        at C:\Users\dr00810779\AppData\Roaming\npm\node_modules\protractor\node_modules\selenium-webdriver\lib\promise.js:2201:17
        at ManagedPromise.invokeCallback_ (C:\Users\dr00810779\AppData\Roaming\npm\node_modules\protractor\node_modules\selenium-webdriver\lib\promise.js:1376:14)
        at TaskQueue.execute_ (C:\Users\dr00810779\AppData\Roaming\npm\node_modules\protractor\node_modules\selenium-webdriver\lib\promise.js:3084:14)
        at TaskQueue.executeNext_ (C:\Users\dr00810779\AppData\Roaming\npm\node_modules\protractor\node_modules\selenium-webdriver\lib\promise.js:3067:27)
        at C:\Users\dr00810779\AppData\Roaming\npm\node_modules\protractor\node_modules\selenium-webdriver\lib\promise.js:2927:27
        at C:\Users\dr00810779\AppData\Roaming\npm\node_modules\protractor\node_modules\selenium-webdriver\lib\promise.js:668:7
        at runMicrotasks (<anonymous>)
        at processTicksAndRejections (internal/process/task_queues.js:95:5)
    From: Task: <anonymous wait>
        at scheduleWait (C:\Users\dr00810779\AppData\Roaming\npm\node_modules\protractor\node_modules\selenium-webdriver\lib\promise.js:2188:20)
        at ControlFlow.wait (C:\Users\dr00810779\AppData\Roaming\npm\node_modules\protractor\node_modules\selenium-webdriver\lib\promise.js:2517:12)
        at thenableWebDriverProxy.wait (C:\Users\dr00810779\AppData\Roaming\npm\node_modules\protractor\node_modules\selenium-webdriver\lib\webdriver.js:934:29)
        at run (C:\Users\dr00810779\AppData\Roaming\npm\node_modules\protractor\built\browser.js:58:33)
        at ProtractorBrowser.to.<computed> [as wait] (C:\Users\dr00810779\AppData\Roaming\npm\node_modules\protractor\built\browser.js:66:16)
        at UserContext.<anonymous> (D:\iTAP\Recorded_Scenarios\testRun\Cobol1\spec.js:1535:9)
        at C:\Users\dr00810779\AppData\Roaming\npm\node_modules\protractor\node_modules\jasminewd2\index.js:112:25
        at new ManagedPromise (C:\Users\dr00810779\AppData\Roaming\npm\node_modules\protractor\node_modules\selenium-webdriver\lib\promise.js:1077:7)
        at ControlFlow.promise (C:\Users\dr00810779\AppData\Roaming\npm\node_modules\protractor\node_modules\selenium-webdriver\lib\promise.js:2505:12)
        at schedulerExecute (C:\Users\dr00810779\AppData\Roaming\npm\node_modules\protractor\node_modules\jasminewd2\index.js:95:18)
    From: Task: Run it("XRefReportTotal_testcase6") in control flow
        at UserContext.<anonymous> (C:\Users\dr00810779\AppData\Roaming\npm\node_modules\protractor\node_modules\jasminewd2\index.js:94:19)
    From asynchronous test: 
    Error
        at Suite.<anonymous> (D:\iTAP\Recorded_Scenarios\testRun\Cobol1\spec.js:1417:1)
        at Object.<anonymous> (D:\iTAP\Recorded_Scenarios\testRun\Cobol1\spec.js:6:26)
        at Module._compile (internal/modules/cjs/loader.js:1085:14)
        at Object.Module._extensions..js (internal/modules/cjs/loader.js:1114:10)
        at Module.load (internal/modules/cjs/loader.js:950:32)
        at Function.Module._load (internal/modules/cjs/loader.js:790:14)

6) Cobol1 VariableImpactReportTotalEntriesRecord_testcase7
  Message:
[31m    Failed: unexpected alert open: {Alert text : }
      (Session info: chrome=104.0.5112.81): {Alert text : 
    Build info: version: '3.141.59', revision: 'e82be7d358', time: '2018-11-14T08:25:53'
    System info: host: 'INCHCMLP12070', ip: '192.168.1.102', os.name: 'Windows 10', os.arch: 'amd64', os.version: '10.0', java.version: '11.0.12'
    Driver info: driver.version: unknown[0m
  Stack:
    UnexpectedAlertOpenError: unexpected alert open: {Alert text : }
      (Session info: chrome=104.0.5112.81): {Alert text : 
    Build info: version: '3.141.59', revision: 'e82be7d358', time: '2018-11-14T08:25:53'
    System info: host: 'INCHCMLP12070', ip: '192.168.1.102', os.name: 'Windows 10', os.arch: 'amd64', os.version: '10.0', java.version: '11.0.12'
    Driver info: driver.version: unknown
        at Object.checkLegacyResponse (C:\Users\dr00810779\AppData\Roaming\npm\node_modules\protractor\node_modules\selenium-webdriver\lib\error.js:553:13)
        at parseHttpResponse (C:\Users\dr00810779\AppData\Roaming\npm\node_modules\protractor\node_modules\selenium-webdriver\lib\http.js:509:13)
        at C:\Users\dr00810779\AppData\Roaming\npm\node_modules\protractor\node_modules\selenium-webdriver\lib\http.js:441:30
        at runMicrotasks (<anonymous>)
        at processTicksAndRejections (internal/process/task_queues.js:95:5)
    From: Task: WebDriver.findElements(By(xpath, //input[@id="Uname"]))
        at thenableWebDriverProxy.schedule (C:\Users\dr00810779\AppData\Roaming\npm\node_modules\protractor\node_modules\selenium-webdriver\lib\webdriver.js:807:17)
        at thenableWebDriverProxy.findElements (C:\Users\dr00810779\AppData\Roaming\npm\node_modules\protractor\node_modules\selenium-webdriver\lib\webdriver.js:1048:19)
        at C:\Users\dr00810779\AppData\Roaming\npm\node_modules\protractor\built\element.js:159:44
        at ManagedPromise.invokeCallback_ (C:\Users\dr00810779\AppData\Roaming\npm\node_modules\protractor\node_modules\selenium-webdriver\lib\promise.js:1376:14)
        at TaskQueue.execute_ (C:\Users\dr00810779\AppData\Roaming\npm\node_modules\protractor\node_modules\selenium-webdriver\lib\promise.js:3084:14)
        at TaskQueue.executeNext_ (C:\Users\dr00810779\AppData\Roaming\npm\node_modules\protractor\node_modules\selenium-webdriver\lib\promise.js:3067:27)
        at C:\Users\dr00810779\AppData\Roaming\npm\node_modules\protractor\node_modules\selenium-webdriver\lib\promise.js:2927:27
        at C:\Users\dr00810779\AppData\Roaming\npm\node_modules\protractor\node_modules\selenium-webdriver\lib\promise.js:668:7
    From: Task: <anonymous>
        at pollCondition (C:\Users\dr00810779\AppData\Roaming\npm\node_modules\protractor\node_modules\selenium-webdriver\lib\promise.js:2195:19)
        at C:\Users\dr00810779\AppData\Roaming\npm\node_modules\protractor\node_modules\selenium-webdriver\lib\promise.js:2191:7
        at new ManagedPromise (C:\Users\dr00810779\AppData\Roaming\npm\node_modules\protractor\node_modules\selenium-webdriver\lib\promise.js:1077:7)
        at ControlFlow.promise (C:\Users\dr00810779\AppData\Roaming\npm\node_modules\protractor\node_modules\selenium-webdriver\lib\promise.js:2505:12)
        at C:\Users\dr00810779\AppData\Roaming\npm\node_modules\protractor\node_modules\selenium-webdriver\lib\promise.js:2190:22
        at TaskQueue.execute_ (C:\Users\dr00810779\AppData\Roaming\npm\node_modules\protractor\node_modules\selenium-webdriver\lib\promise.js:3084:14)
        at TaskQueue.executeNext_ (C:\Users\dr00810779\AppData\Roaming\npm\node_modules\protractor\node_modules\selenium-webdriver\lib\promise.js:3067:27)
        at C:\Users\dr00810779\AppData\Roaming\npm\node_modules\protractor\node_modules\selenium-webdriver\lib\promise.js:2927:27
        at C:\Users\dr00810779\AppData\Roaming\npm\node_modules\protractor\node_modules\selenium-webdriver\lib\promise.js:668:7
    From: Task: Element taking too long to appear in the DOM
        at scheduleWait (C:\Users\dr00810779\AppData\Roaming\npm\node_modules\protractor\node_modules\selenium-webdriver\lib\promise.js:2188:20)
        at ControlFlow.wait (C:\Users\dr00810779\AppData\Roaming\npm\node_modules\protractor\node_modules\selenium-webdriver\lib\promise.js:2517:12)
        at thenableWebDriverProxy.wait (C:\Users\dr00810779\AppData\Roaming\npm\node_modules\protractor\node_modules\selenium-webdriver\lib\webdriver.js:934:29)
        at run (C:\Users\dr00810779\AppData\Roaming\npm\node_modules\protractor\built\browser.js:58:33)
        at ProtractorBrowser.to.<computed> [as wait] (C:\Users\dr00810779\AppData\Roaming\npm\node_modules\protractor\built\browser.js:66:16)
        at UserContext.<anonymous> (D:\iTAP\Recorded_Scenarios\testRun\Cobol1\spec.js:1884:9)
        at C:\Users\dr00810779\AppData\Roaming\npm\node_modules\protractor\node_modules\jasminewd2\index.js:112:25
        at new ManagedPromise (C:\Users\dr00810779\AppData\Roaming\npm\node_modules\protractor\node_modules\selenium-webdriver\lib\promise.js:1077:7)
        at ControlFlow.promise (C:\Users\dr00810779\AppData\Roaming\npm\node_modules\protractor\node_modules\selenium-webdriver\lib\promise.js:2505:12)
        at schedulerExecute (C:\Users\dr00810779\AppData\Roaming\npm\node_modules\protractor\node_modules\jasminewd2\index.js:95:18)
    From: Task: Run it("VariableImpactReportTotalEntriesRecord_testcase7") in control flow
        at UserContext.<anonymous> (C:\Users\dr00810779\AppData\Roaming\npm\node_modules\protractor\node_modules\jasminewd2\index.js:94:19)
    From asynchronous test: 
    Error
        at Suite.<anonymous> (D:\iTAP\Recorded_Scenarios\testRun\Cobol1\spec.js:1863:1)
        at Object.<anonymous> (D:\iTAP\Recorded_Scenarios\testRun\Cobol1\spec.js:6:26)
        at Module._compile (internal/modules/cjs/loader.js:1085:14)
        at Object.Module._extensions..js (internal/modules/cjs/loader.js:1114:10)
        at Module.load (internal/modules/cjs/loader.js:950:32)
        at Function.Module._load (internal/modules/cjs/loader.js:790:14)

7) Cobol1 XRefReport_testcase8
  Message:
[31m    Failed: Wait timed out after 60068ms[0m
  Stack:
    TimeoutError: Wait timed out after 60068ms
        at C:\Users\dr00810779\AppData\Roaming\npm\node_modules\protractor\node_modules\selenium-webdriver\lib\promise.js:2201:17
        at ManagedPromise.invokeCallback_ (C:\Users\dr00810779\AppData\Roaming\npm\node_modules\protractor\node_modules\selenium-webdriver\lib\promise.js:1376:14)
        at TaskQueue.execute_ (C:\Users\dr00810779\AppData\Roaming\npm\node_modules\protractor\node_modules\selenium-webdriver\lib\promise.js:3084:14)
        at TaskQueue.executeNext_ (C:\Users\dr00810779\AppData\Roaming\npm\node_modules\protractor\node_modules\selenium-webdriver\lib\promise.js:3067:27)
        at C:\Users\dr00810779\AppData\Roaming\npm\node_modules\protractor\node_modules\selenium-webdriver\lib\promise.js:2927:27
        at C:\Users\dr00810779\AppData\Roaming\npm\node_modules\protractor\node_modules\selenium-webdriver\lib\promise.js:668:7
        at runMicrotasks (<anonymous>)
        at processTicksAndRejections (internal/process/task_queues.js:95:5)
    From: Task: <anonymous wait>
        at scheduleWait (C:\Users\dr00810779\AppData\Roaming\npm\node_modules\protractor\node_modules\selenium-webdriver\lib\promise.js:2188:20)
        at ControlFlow.wait (C:\Users\dr00810779\AppData\Roaming\npm\node_modules\protractor\node_modules\selenium-webdriver\lib\promise.js:2517:12)
        at thenableWebDriverProxy.wait (C:\Users\dr00810779\AppData\Roaming\npm\node_modules\protractor\node_modules\selenium-webdriver\lib\webdriver.js:934:29)
        at run (C:\Users\dr00810779\AppData\Roaming\npm\node_modules\protractor\built\browser.js:58:33)
        at ProtractorBrowser.to.<computed> [as wait] (C:\Users\dr00810779\AppData\Roaming\npm\node_modules\protractor\built\browser.js:66:16)
        at UserContext.<anonymous> (D:\iTAP\Recorded_Scenarios\testRun\Cobol1\spec.js:2330:9)
        at C:\Users\dr00810779\AppData\Roaming\npm\node_modules\protractor\node_modules\jasminewd2\index.js:112:25
        at new ManagedPromise (C:\Users\dr00810779\AppData\Roaming\npm\node_modules\protractor\node_modules\selenium-webdriver\lib\promise.js:1077:7)
        at ControlFlow.promise (C:\Users\dr00810779\AppData\Roaming\npm\node_modules\protractor\node_modules\selenium-webdriver\lib\promise.js:2505:12)
        at schedulerExecute (C:\Users\dr00810779\AppData\Roaming\npm\node_modules\protractor\node_modules\jasminewd2\index.js:95:18)
    From: Task: Run it("XRefReport_testcase8") in control flow
        at UserContext.<anonymous> (C:\Users\dr00810779\AppData\Roaming\npm\node_modules\protractor\node_modules\jasminewd2\index.js:94:19)
    From asynchronous test: 
    Error
        at Suite.<anonymous> (D:\iTAP\Recorded_Scenarios\testRun\Cobol1\spec.js:2212:1)
        at Object.<anonymous> (D:\iTAP\Recorded_Scenarios\testRun\Cobol1\spec.js:6:26)
        at Module._compile (internal/modules/cjs/loader.js:1085:14)
        at Object.Module._extensions..js (internal/modules/cjs/loader.js:1114:10)
        at Module.load (internal/modules/cjs/loader.js:950:32)
        at Function.Module._load (internal/modules/cjs/loader.js:790:14)

8) Cobol1 ValidationRulesTotalEntriesRecord_testcase9
  Message:
[31m    Failed: unexpected alert open: {Alert text : }
      (Session info: chrome=104.0.5112.81): {Alert text : 
    Build info: version: '3.141.59', revision: 'e82be7d358', time: '2018-11-14T08:25:53'
    System info: host: 'INCHCMLP12070', ip: '192.168.1.102', os.name: 'Windows 10', os.arch: 'amd64', os.version: '10.0', java.version: '11.0.12'
    Driver info: driver.version: unknown[0m
  Stack:
    UnexpectedAlertOpenError: unexpected alert open: {Alert text : }
      (Session info: chrome=104.0.5112.81): {Alert text : 
    Build info: version: '3.141.59', revision: 'e82be7d358', time: '2018-11-14T08:25:53'
    System info: host: 'INCHCMLP12070', ip: '192.168.1.102', os.name: 'Windows 10', os.arch: 'amd64', os.version: '10.0', java.version: '11.0.12'
    Driver info: driver.version: unknown
        at Object.checkLegacyResponse (C:\Users\dr00810779\AppData\Roaming\npm\node_modules\protractor\node_modules\selenium-webdriver\lib\error.js:553:13)
        at parseHttpResponse (C:\Users\dr00810779\AppData\Roaming\npm\node_modules\protractor\node_modules\selenium-webdriver\lib\http.js:509:13)
        at C:\Users\dr00810779\AppData\Roaming\npm\node_modules\protractor\node_modules\selenium-webdriver\lib\http.js:441:30
        at runMicrotasks (<anonymous>)
        at processTicksAndRejections (internal/process/task_queues.js:95:5)
    From: Task: WebDriver.findElements(By(xpath, //input[@id="Uname"]))
        at thenableWebDriverProxy.schedule (C:\Users\dr00810779\AppData\Roaming\npm\node_modules\protractor\node_modules\selenium-webdriver\lib\webdriver.js:807:17)
        at thenableWebDriverProxy.findElements (C:\Users\dr00810779\AppData\Roaming\npm\node_modules\protractor\node_modules\selenium-webdriver\lib\webdriver.js:1048:19)
        at C:\Users\dr00810779\AppData\Roaming\npm\node_modules\protractor\built\element.js:159:44
        at ManagedPromise.invokeCallback_ (C:\Users\dr00810779\AppData\Roaming\npm\node_modules\protractor\node_modules\selenium-webdriver\lib\promise.js:1376:14)
        at TaskQueue.execute_ (C:\Users\dr00810779\AppData\Roaming\npm\node_modules\protractor\node_modules\selenium-webdriver\lib\promise.js:3084:14)
        at TaskQueue.executeNext_ (C:\Users\dr00810779\AppData\Roaming\npm\node_modules\protractor\node_modules\selenium-webdriver\lib\promise.js:3067:27)
        at C:\Users\dr00810779\AppData\Roaming\npm\node_modules\protractor\node_modules\selenium-webdriver\lib\promise.js:2927:27
        at C:\Users\dr00810779\AppData\Roaming\npm\node_modules\protractor\node_modules\selenium-webdriver\lib\promise.js:668:7
    From: Task: <anonymous>
        at pollCondition (C:\Users\dr00810779\AppData\Roaming\npm\node_modules\protractor\node_modules\selenium-webdriver\lib\promise.js:2195:19)
        at C:\Users\dr00810779\AppData\Roaming\npm\node_modules\protractor\node_modules\selenium-webdriver\lib\promise.js:2191:7
        at new ManagedPromise (C:\Users\dr00810779\AppData\Roaming\npm\node_modules\protractor\node_modules\selenium-webdriver\lib\promise.js:1077:7)
        at ControlFlow.promise (C:\Users\dr00810779\AppData\Roaming\npm\node_modules\protractor\node_modules\selenium-webdriver\lib\promise.js:2505:12)
        at C:\Users\dr00810779\AppData\Roaming\npm\node_modules\protractor\node_modules\selenium-webdriver\lib\promise.js:2190:22
        at TaskQueue.execute_ (C:\Users\dr00810779\AppData\Roaming\npm\node_modules\protractor\node_modules\selenium-webdriver\lib\promise.js:3084:14)
        at TaskQueue.executeNext_ (C:\Users\dr00810779\AppData\Roaming\npm\node_modules\protractor\node_modules\selenium-webdriver\lib\promise.js:3067:27)
        at C:\Users\dr00810779\AppData\Roaming\npm\node_modules\protractor\node_modules\selenium-webdriver\lib\promise.js:2927:27
        at C:\Users\dr00810779\AppData\Roaming\npm\node_modules\protractor\node_modules\selenium-webdriver\lib\promise.js:668:7
    From: Task: Element taking too long to appear in the DOM
        at scheduleWait (C:\Users\dr00810779\AppData\Roaming\npm\node_modules\protractor\node_modules\selenium-webdriver\lib\promise.js:2188:20)
        at ControlFlow.wait (C:\Users\dr00810779\AppData\Roaming\npm\node_modules\protractor\node_modules\selenium-webdriver\lib\promise.js:2517:12)
        at thenableWebDriverProxy.wait (C:\Users\dr00810779\AppData\Roaming\npm\node_modules\protractor\node_modules\selenium-webdriver\lib\webdriver.js:934:29)
        at run (C:\Users\dr00810779\AppData\Roaming\npm\node_modules\protractor\built\browser.js:58:33)
        at ProtractorBrowser.to.<computed> [as wait] (C:\Users\dr00810779\AppData\Roaming\npm\node_modules\protractor\built\browser.js:66:16)
        at UserContext.<anonymous> (D:\iTAP\Recorded_Scenarios\testRun\Cobol1\spec.js:2509:9)
        at C:\Users\dr00810779\AppData\Roaming\npm\node_modules\protractor\node_modules\jasminewd2\index.js:112:25
        at new ManagedPromise (C:\Users\dr00810779\AppData\Roaming\npm\node_modules\protractor\node_modules\selenium-webdriver\lib\promise.js:1077:7)
        at ControlFlow.promise (C:\Users\dr00810779\AppData\Roaming\npm\node_modules\protractor\node_modules\selenium-webdriver\lib\promise.js:2505:12)
        at schedulerExecute (C:\Users\dr00810779\AppData\Roaming\npm\node_modules\protractor\node_modules\jasminewd2\index.js:95:18)
    From: Task: Run it("ValidationRulesTotalEntriesRecord_testcase9") in control flow
        at UserContext.<anonymous> (C:\Users\dr00810779\AppData\Roaming\npm\node_modules\protractor\node_modules\jasminewd2\index.js:94:19)
    From asynchronous test: 
    Error
        at Suite.<anonymous> (D:\iTAP\Recorded_Scenarios\testRun\Cobol1\spec.js:2488:1)
        at Object.<anonymous> (D:\iTAP\Recorded_Scenarios\testRun\Cobol1\spec.js:6:26)
        at Module._compile (internal/modules/cjs/loader.js:1085:14)
        at Object.Module._extensions..js (internal/modules/cjs/loader.js:1114:10)
        at Module.load (internal/modules/cjs/loader.js:950:32)
        at Function.Module._load (internal/modules/cjs/loader.js:790:14)

9) Cobol1 ValidationRules_testcase10
  Message:
[31m    Failed: Wait timed out after 60051ms[0m
  Stack:
    TimeoutError: Wait timed out after 60051ms
        at C:\Users\dr00810779\AppData\Roaming\npm\node_modules\protractor\node_modules\selenium-webdriver\lib\promise.js:2201:17
        at ManagedPromise.invokeCallback_ (C:\Users\dr00810779\AppData\Roaming\npm\node_modules\protractor\node_modules\selenium-webdriver\lib\promise.js:1376:14)
        at TaskQueue.execute_ (C:\Users\dr00810779\AppData\Roaming\npm\node_modules\protractor\node_modules\selenium-webdriver\lib\promise.js:3084:14)
        at TaskQueue.executeNext_ (C:\Users\dr00810779\AppData\Roaming\npm\node_modules\protractor\node_modules\selenium-webdriver\lib\promise.js:3067:27)
        at C:\Users\dr00810779\AppData\Roaming\npm\node_modules\protractor\node_modules\selenium-webdriver\lib\promise.js:2927:27
        at C:\Users\dr00810779\AppData\Roaming\npm\node_modules\protractor\node_modules\selenium-webdriver\lib\promise.js:668:7
        at runMicrotasks (<anonymous>)
        at processTicksAndRejections (internal/process/task_queues.js:95:5)
    From: Task: <anonymous wait>
        at scheduleWait (C:\Users\dr00810779\AppData\Roaming\npm\node_modules\protractor\node_modules\selenium-webdriver\lib\promise.js:2188:20)
        at ControlFlow.wait (C:\Users\dr00810779\AppData\Roaming\npm\node_modules\protractor\node_modules\selenium-webdriver\lib\promise.js:2517:12)
        at thenableWebDriverProxy.wait (C:\Users\dr00810779\AppData\Roaming\npm\node_modules\protractor\node_modules\selenium-webdriver\lib\webdriver.js:934:29)
        at run (C:\Users\dr00810779\AppData\Roaming\npm\node_modules\protractor\built\browser.js:58:33)
        at ProtractorBrowser.to.<computed> [as wait] (C:\Users\dr00810779\AppData\Roaming\npm\node_modules\protractor\built\browser.js:66:16)
        at UserContext.<anonymous> (D:\iTAP\Recorded_Scenarios\testRun\Cobol1\spec.js:3084:9)
        at C:\Users\dr00810779\AppData\Roaming\npm\node_modules\protractor\node_modules\jasminewd2\index.js:112:25
        at new ManagedPromise (C:\Users\dr00810779\AppData\Roaming\npm\node_modules\protractor\node_modules\selenium-webdriver\lib\promise.js:1077:7)
        at ControlFlow.promise (C:\Users\dr00810779\AppData\Roaming\npm\node_modules\protractor\node_modules\selenium-webdriver\lib\promise.js:2505:12)
        at schedulerExecute (C:\Users\dr00810779\AppData\Roaming\npm\node_modules\protractor\node_modules\jasminewd2\index.js:95:18)
    From: Task: Run it("ValidationRules_testcase10") in control flow
        at UserContext.<anonymous> (C:\Users\dr00810779\AppData\Roaming\npm\node_modules\protractor\node_modules\jasminewd2\index.js:94:19)
    From asynchronous test: 
    Error
        at Suite.<anonymous> (D:\iTAP\Recorded_Scenarios\testRun\Cobol1\spec.js:2966:1)
        at Object.<anonymous> (D:\iTAP\Recorded_Scenarios\testRun\Cobol1\spec.js:6:26)
        at Module._compile (internal/modules/cjs/loader.js:1085:14)
        at Object.Module._extensions..js (internal/modules/cjs/loader.js:1114:10)
        at Module.load (internal/modules/cjs/loader.js:950:32)
        at Function.Module._load (internal/modules/cjs/loader.js:790:14)

10 specs, 9 failures
Finished in 408.232 seconds

[16:36:11] I/launcher - 0 instance(s) of WebDriver still running
[16:36:11] I/launcher - chrome #01 failed 9 test(s)
[16:36:11] I/launcher - overall: 9 failed spec(s)
[16:36:11] E/launcher - Process exited with error code 1
