[19:14:19] I/launcher - Running 1 instances of WebDriver
[19:14:19] I/hosted - Using the selenium server at http://localhost:4444/wd/hub
Started
Application_name : vbnet, Scenario_name : a11
null
test_step_inputdemouser
test_step_inputdemouser1
test_step_click Login
presence
Assertion Passed: Expected element xpath /html/body/app-root/app-layout/section/app-dashboard/div[1]/h2 is present in current page. :Assertion Passed
it completed
[32m.[0mApplication_name : vbnet, Scenario_name : varimpact
it completed
[31mF[0mApplication_name : vbnet, Scenario_name : xrefclearsearch
test_step_inputdemouser
test_step_inputdemouser1
test_step_click Login
test_step_click   X-Ref Report
test_step_click All
test_step_click Submit
test_step_inputcode
test_step_click Search
test_step_click Clear Search
Assertion Passed: Expected  for the Xpath/html/body/app-root/app-layout/section/app-x-ref-application/div[4]/div[2]/input is equal to. :Assertion Passed
test_step_click Log Out
it completed
[32m.[0mApplication_name : vbnet, Scenario_name : xref
test_step_inputdemouser
test_step_inputdemouser1
test_step_click Login
test_step_click X-Ref Report
presence
Assertion Passed: Expected element xpath /html/body/app-root/app-layout/section/app-x-ref-application/div[1]/app-page-header/div/div/ol/li[2] is present in current page. :Assertion Passed
presence
Assertion Passed: Expected element xpath /html/body/app-root/app-layout/section/app-x-ref-application/div[3]/div[2]/label is present in current page. :Assertion Passed
presence
Assertion Passed: Expected element xpath /html/body/app-root/app-layout/section/app-x-ref-application/div[1]/app-page-header/div/div/ol/li[1]/a is present in current page. :Assertion Passed
test_step_click All
Assertion Passed:  /html/body/app-root/app-layout/section/app-x-ref-application/div[3]/div[4]/button is enabled. :Assertion Passed
test_step_click Submit
Assertion Passed: Expected Total no of records: 87 for the Xpath/html/body/app-root/app-layout/section/app-x-ref-application/div[4]/div[5]/label contain Total no of records: 87. :Assertion Passed
presence
Assertion Passed: Expected element xpath /html/body/app-root/app-layout/section/app-x-ref-application/div[4]/div[7]/a/img is present in current page. :Assertion Passed
presence
Assertion Passed: Expected element xpath /html/body/app-root/app-layout/section/app-x-ref-application/div[4]/div[2]/input is present in current page. :Assertion Passed
presence
Assertion Passed: Expected element xpath /html/body/app-root/app-layout/section/app-x-ref-application/div[4]/div[8]/div/table/thead/tr/th[1] is present in current page. :Assertion Passed
presence
Assertion Passed: Expected element xpath /html/body/app-root/app-layout/section/app-x-ref-application/div[4]/div[8]/div/table/thead/tr/th[3] is present in current page. :Assertion Passed
presence
Assertion Passed: Expected element xpath /html/body/app-root/app-layout/section/app-x-ref-application/div[4]/div[8]/div/table/thead/tr/th[4] is present in current page. :Assertion Passed
test_step_click Log Out
it completed
[32m.[0mApplication_name : vbnet, Scenario_name : varimpactnotpresence
test_step_inputdemouser
test_step_inputdemouser1
test_step_click Login
test_step_click Variable Impact Report
presence
Assertion Passed: Expected element xpath /html/body/app-root/app-layout/section/app-impact/div[3]/div[6]/button is not present in current page. :Assertion Passed
test_step_click Log Out
it completed
[32m.[0mApplication_name : vbnet, Scenario_name : varimpact1
test_step_inputdemouser
test_step_inputdemouser1
test_step_click Login
test_step_click Variable Impact Report
test_step_inputuser
test_step_click Search
Assertion Passed: Expected Total results found: 10 for the Xpath/html/body/app-root/app-layout/section/app-impact/div[3]/div[4]/label contain Total results found: 10. :Assertion Passed
test_step_click Summary View
test_step_click Log Out
it completed
[32m.[0mApplication_name : vbnet, Scenario_name : userguidehyperlink
test_step_inputdemouser
test_step_inputdemouser1
test_step_click Login
test_step_click User Guide
test_step_click Log Out
it completed
[32m.[0mApplication_name : vbnet, Scenario_name : spiderdgrm
test_step_inputdemouser
test_step_inputdemouser1
test_step_click Login
test_step_click   Spider
test_step_click All
test_step_click CODEBEHIND
test_step_click About.aspx.vb
test_step_click All
test_step_click Submit
presence
Assertion Failed: Expected element xpath/html/body/app-root/app-layout/section/app-spiderfilterapp/div[4]/ngx-graph/ngx-charts-chart/div/svg/g/g[3]/g[2]/g/text is not present in current page. :Assertion Failed
test_step_click Log Out
it completed
[32m.[0mApplication_name : vbnet, Scenario_name : userguide
test_step_inputdemouser
test_step_inputdemouser1
test_step_click Login
test_step_click User Guide
Assertion Passed: Expected User Guide for the Xpath/html/body/app-root/app-layout/section/app-charts/div/app-page-header/div/div/ol/li[2] contain User Guide. :Assertion Passed
presence
Assertion Passed: Expected element xpath /html/body/app-root/app-layout/section/app-charts/p is present in current page. :Assertion Passed
presence
Assertion Passed: Expected element xpath /html/body/app-root/app-layout/section/app-charts/pdf-viewer/div/div/div[1]/div[2]/span[1] is present in current page. :Assertion Passed
test_step_click Log Out
it completed
[32m.[0mApplication_name : vbnet, Scenario_name : textnp
test_step_inputdemouser
test_step_inputdemouser1
test_step_click Login
it completed
[31mF[0mApplication_name : vbnet, Scenario_name : spiderautofill
test_step_inputdemouser
test_step_inputdemouser1
test_step_click Login
it completed
[31mF[0mApplication_name : vbnet, Scenario_name : spider
test_step_inputdemouser
test_step_inputdemouser1
test_step_click Login
it completed
[31mF[0mApplication_name : vbnet, Scenario_name : screenval
test_step_inputdemouser
test_step_inputdemouser1
test_step_click Login
test_step_click Screen Report
test_step_click Screen Validation
presence
Assertion Failed: Expected element xpath/html/body/app-root/app-layout/section/app-cicsvalidation-app/div[1]/app-page-header/div/div/ol/li[2] is not present in current page. :Assertion Failed
presence
Assertion Failed: Expected element xpath/html/body/app-root/app-layout/section/app-cicsvalidation-app/div[4]/div[1]/label is not present in current page. :Assertion Failed
presence
Assertion Failed: Expected element xpath/html/body/app-root/app-layout/section/app-cicsvalidation-app/div[4]/div[3]/label is not present in current page. :Assertion Failed
presence
Assertion Failed: Expected element xpath/html/body/app-root/app-layout/section/app-cicsvalidation-app/div[5]/div[1]/div/div/div[1]/label is not present in current page. :Assertion Failed
presence
Assertion Failed: Expected element xpath/html/body/app-root/app-layout/section/app-cicsvalidation-app/div[5]/div[1]/div/div/div[3]/div[1]/div/table/thead/tr/th[3] is not present in current page. :Assertion Failed
presence
Assertion Failed: Expected element xpath/html/body/app-root/app-layout/section/app-cicsvalidation-app/div[5]/div[1]/div/div/div[3]/div[1]/div/table/thead/tr/th[1] is not present in current page. :Assertion Failed
presence
Assertion Failed: Expected element xpath/html/body/app-root/app-layout/section/app-cicsvalidation-app/div[5]/div[1]/div/div/div[3]/div[1]/div/table/thead/tr/th[5] is not present in current page. :Assertion Failed
presence
Assertion Failed: Expected element xpath/html/body/app-root/app-layout/section/app-cicsvalidation-app/div[5]/div[1]/div/div/div[3]/div[1]/div/table/thead/tr/th[6] is not present in current page. :Assertion Failed
it completed
[31mF[0mApplication_name : vbnet, Scenario_name : screenharvest
it completed
[31mF[0mApplication_name : vbnet, Scenario_name : screendef
test_step_inputdemouser
test_step_inputdemouser1
test_step_click Login
test_step_click Screen Report
test_step_click Screen Definition
presence
Assertion Passed: Expected element xpath /html/body/app-root/app-layout/section/app-cicsscreen-app/div[1]/app-page-header/div/div/ol/li[2] is present in current page. :Assertion Passed
presence
Assertion Passed: Expected element xpath /html/body/app-root/app-layout/section/app-cicsscreen-app/div[4]/div[1]/label is present in current page. :Assertion Passed
presence
Assertion Passed: Expected element xpath /html/body/app-root/app-layout/section/app-cicsscreen-app/div[4]/div[3]/label is present in current page. :Assertion Passed
presence
Assertion Passed: Expected element xpath /html/body/app-root/app-layout/section/app-cicsscreen-app/div[5]/div[1]/div/div/div[2]/label/input is present in current page. :Assertion Passed
presence
Assertion Passed: Expected element xpath /html/body/app-root/app-layout/section/app-cicsscreen-app/div[5]/div[1]/div/a/img is present in current page. :Assertion Passed
test_step_click All
presence
Assertion Passed: Expected element xpath /html/body/app-root/app-layout/section/app-cicsscreen-app/div[5]/div[1]/div/div/div[3]/div[1]/div/table/thead/tr/th[2] is present in current page. :Assertion Passed
presence
Assertion Passed: Expected element xpath /html/body/app-root/app-layout/section/app-cicsscreen-app/div[5]/div[1]/div/div/div[3]/div[1]/div/table/thead/tr/th[7] is present in current page. :Assertion Passed
test_step_click About.aspx
Assertion Passed:  /html/body/app-root/app-layout/section/app-cicsscreen-app/div[4]/div[5]/button is enabled. :Assertion Passed
test_step_click Submit
presence
Assertion Passed: Expected element xpath /html/body/app-root/app-layout/section/app-cicsscreen-app/div[1]/app-page-header/div/div/ol/li[1]/a is present in current page. :Assertion Passed
presence
Assertion Passed: Expected element xpath /html/body/app-root/app-layout/section/app-cicsscreen-app/div[5]/div[1]/div/div/div[5]/a[1] is present in current page. :Assertion Passed
presence
Assertion Passed: Expected element xpath /html/body/app-root/app-layout/section/app-cicsscreen-app/div[5]/div[1]/div/div/div[3]/div[1]/div/table/thead/tr/th[4] is present in current page. :Assertion Passed
Assertion Passed: Expected Showing 1 to 1 of 1 entries for the Xpath/html/body/app-root/app-layout/section/app-cicsscreen-app/div[5]/div[1]/div/div/div[4] contain Showing 1 to 1 of 1 entries. :Assertion Passed
test_step_click Log Out
it completed
[32m.[0mApplication_name : vbnet, Scenario_name : sankey1
test_step_inputdemouser
test_step_inputdemouser1
test_step_click Login
test_step_click Sankey Diagram
test_step_click ANONYMOUS
test_step_click Inbound
test_step_click Submit
presence
Assertion Passed: Expected element xpath /html/body/app-root/app-layout/section/app-sankey/div[2]/div[6]/button is present in current page. :Assertion Passed
test_step_click Log Out
it completed
[32m.[0mtest_step_click Accepted usernames are:
standard_user
locked_out_user
problem_user
performance_glitch_user
test_step_inputstandard_user
test_step_click Accepted usernames are:
standard_user
locked_out_user
problem_user
performance_glitch_user
Password for all users:
secret_sauce
test_step_click Accepted usernames are:
standard_user
locked_out_user
problem_user
performance_glitch_user
Password for all users:
secret_sauce
test_step_click Password for all users:
secret_sauce
test_step_inputsecret_sauce
test_step_click 
test_step_click Sauce Labs Backpack
it completed
[32m.[0mApplication_name : vbnet, Scenario_name : sankeynosubmit
test_step_inputdemouser
test_step_inputdemouser1
test_step_click Login
test_step_click Sankey Diagram
test_step_click ANONYMOUS
test_step_click Inbound
presence
Assertion Failed: Expected element xpath/html/body/app-root/app-layout/section/app-sankey/div[2]/div[5]/button is present in current page. :Assertion Failed
test_step_click Log Out
it completed
[32m.[0mApplication_name : vbnet, Scenario_name : rulesreport
test_step_inputdemouser
test_step_inputdemouser1
test_step_click Login
test_step_click Business Rule Extraction
test_step_click Rules report
presence
Assertion Passed: Expected element xpath /html/body/app-root/app-layout/section/app-bre/div[1]/app-page-header/div/div/ol/li[2] is present in current page. :Assertion Passed
presence
Assertion Passed: Expected element xpath /html/body/app-root/app-layout/section/app-bre/div[5]/div[1]/label is present in current page. :Assertion Passed
presence
Assertion Passed: Expected element xpath /html/body/app-root/app-layout/section/app-bre/div[5]/div[3]/label is present in current page. :Assertion Passed
presence
Assertion Passed: Expected element xpath /html/body/app-root/app-layout/section/app-bre/div[6]/div[3]/a/img is present in current page. :Assertion Passed
Assertion Passed:  /html/body/app-root/app-layout/section/app-bre/div[5]/div[5]/button is enabled. :Assertion Passed
presence
Assertion Passed: Expected element xpath /html/body/app-root/app-layout/section/app-bre/div[7]/div/div/div/div[5]/a[1] is present in current page. :Assertion Passed
presence
Assertion Passed: Expected element xpath /html/body/app-root/app-layout/section/app-bre/div[1]/app-page-header/div/div/ol/li[1]/a is present in current page. :Assertion Passed
presence
Assertion Passed: Expected element xpath /html/body/app-root/app-layout/section/app-bre/div[7]/div/div/div/div[3]/div[1]/div/table/thead/tr/th[1] is present in current page. :Assertion Passed
presence
Assertion Passed: Expected element xpath /html/body/app-root/app-layout/section/app-bre/div[7]/div/div/div/div[3]/div[1]/div/table/thead/tr/th[4] is present in current page. :Assertion Passed
presence
Assertion Passed: Expected element xpath /html/body/app-root/app-layout/section/app-bre/div[7]/div/div/div/div[2]/label/input is present in current page. :Assertion Passed
test_step_click Log Out
it completed
[32m.[0mApplication_name : vbnet, Scenario_name : sankey
test_step_inputdemouser
test_step_inputdemouser1
test_step_click Login
test_step_click Sankey Diagram
presence
Assertion Passed: Expected element xpath /html/body/app-root/app-layout/section/app-sankey/div[2]/div[1]/label is present in current page. :Assertion Passed
presence
Assertion Passed: Expected element xpath /html/body/app-root/app-layout/section/app-sankey/div[2]/div[3]/label is present in current page. :Assertion Passed
presence
Assertion Passed: Expected element xpath /html/body/app-root/app-layout/section/app-sankey/div[1]/app-page-header/div/div/ol/li[1]/a is present in current page. :Assertion Passed
test_step_click ANONYMOUS
test_step_click Inbound
test_step_click Submit
presence
Assertion Passed: Expected element xpath /html/body/app-root/app-layout/section/app-sankey/div[2]/div[6]/button is present in current page. :Assertion Passed
test_step_click Log Out
it completed
[32m.[0mApplication_name : vbnet, Scenario_name : ruleharvest
test_step_inputdemouser
test_step_inputdemouser1
test_step_click Login
test_step_click Harvesting Reports
test_step_click Rule Harvesting report
Assertion Passed: Expected Rule Harvesting for the Xpath/html/body/app-root/app-layout/section/app-bre/div[1]/app-page-header/div/div/ol/li[2] contain Rule Harvesting. :Assertion Passed
presence
Assertion Passed: Expected element xpath /html/body/app-root/app-layout/section/app-bre/div[5]/div[1]/label is present in current page. :Assertion Passed
presence
Assertion Passed: Expected element xpath /html/body/app-root/app-layout/section/app-bre/div[5]/div[3]/label is present in current page. :Assertion Passed
presence
Assertion Passed: Expected element xpath /html/body/app-root/app-layout/section/app-bre/div[7]/div[3]/a/img is present in current page. :Assertion Passed
presence
Assertion Passed: Expected element xpath /html/body/app-root/app-layout/section/app-bre/div[6]/div[2]/select is present in current page. :Assertion Passed
test_step_click ANONYMOUS
test_step_click BookDetails.aspx.vb
test_step_click Label1
Assertion Passed:  /html/body/app-root/app-layout/section/app-bre/div[6]/div[3]/button is enabled. :Assertion Passed
test_step_click Submit
presence
Assertion Passed: Expected element xpath /html/body/app-root/app-layout/section/app-bre/div[6]/div[4]/button is present in current page. :Assertion Passed
Assertion Passed: Expected Showing 1 to 1 of 1 entries for the Xpath/html/body/app-root/app-layout/section/app-bre/div[8]/div/div/div/div[4] is equal toShowing 1 to 1 of 1 entries. :Assertion Passed
presence
Assertion Passed: Expected element xpath /html/body/app-root/app-layout/section/app-bre/div[8]/div/div/div/div[5]/a[2] is present in current page. :Assertion Passed
presence
Assertion Passed: Expected element xpath /html/body/app-root/app-layout/section/app-bre/div[8]/div/div/div/div[3]/div[1]/div/table/thead/tr/th[3] is present in current page. :Assertion Passed
test_step_click Log Out
it completed
[32m.[0mApplication_name : vbnet, Scenario_name : ruleharvest1
test_step_inputdemouser
test_step_inputdemouser1
test_step_click Login
test_step_click Harvesting Reports
test_step_click Rule Harvesting report
test_step_click ANONYMOUS
test_step_click BookDetails.aspx.vb
test_step_click Label1
test_step_click Submit
test_step_click  btnAddToCart_Click 
Assertion Passed:  /html/body/ngb-modal-window/div/div/div[1]/div/button[1] is enabled. :Assertion Passed
test_step_click Show Code
presence
Assertion Failed: Expected element xpath/html/body/ngb-modal-window/div/div/div[1]/div/button[1] is present in current page. :Assertion Failed
presence
Assertion Passed: Expected element xpath /html/body/ngb-modal-window/div/div/div[1]/div/button[1] is present in current page. :Assertion Passed
test_step_click ×
test_step_click Log Out
it completed
[32m.[0mApplication_name : vbnet, Scenario_name : processflowdwnld
it completed
[31mF[0mApplication_name : vbnet, Scenario_name : processflow
test_step_inputdemouser
test_step_inputdemouser1
test_step_click Login
test_step_click Flow Diagrams
test_step_click Program Process Flow
presence
Assertion Failed: Expected element xpath/html/body/app-root/app-layout/section/app-programprocessflowext/div[1]/app-page-header/div/div/ol/li[2] is not present in current page. :Assertion Failed
presence
Assertion Failed: Expected element xpath/html/body/app-root/app-layout/section/app-programprocessflowext/div[4]/div[1]/label is not present in current page. :Assertion Failed
presence
Assertion Failed: Expected element xpath/html/body/app-root/app-layout/section/app-programprocessflowext/div[4]/div[3]/label is not present in current page. :Assertion Failed
presence
Assertion Failed: Expected element xpath/html/body/app-root/app-layout/section/app-programprocessflowext/div[6]/div[1]/label is not present in current page. :Assertion Failed
presence
Assertion Failed: Expected element xpath/html/body/app-root/app-layout/section/app-programprocessflowext/div[1]/app-page-header/div/div/ol/li[1]/a is not present in current page. :Assertion Failed
test_step_click ANONYMOUS
test_step_click BookDetails.aspx.vb
[19:21:18] W/element - more than one element found for locator By(xpath,  //select[@id="extCall"]//option[@value="btnMinus_Click"]) - the first result will be used
[19:21:18] W/element - more than one element found for locator By(xpath,  //select[@id="extCall"]//option[@value="btnMinus_Click"]) - the first result will be used
[19:21:18] W/element - more than one element found for locator By(xpath,  //select[@id="extCall"]//option[@value="btnMinus_Click"]) - the first result will be used
test_step_click btnMinus_Click
[19:21:18] W/element - more than one element found for locator By(xpath,  //select[@id="extCall"]//option[@value="btnMinus_Click"]) - the first result will be used
[19:21:18] W/element - more than one element found for locator By(xpath,  //select[@id="extCall"]//option[@value="btnMinus_Click"]) - the first result will be used
Assertion Passed:  /html/body/app-root/app-layout/section/app-programprocessflowext/div[6]/div[3]/button is enabled. :Assertion Passed
test_step_click Submit
presence
Assertion Passed: Expected element xpath /html/body/app-root/app-layout/section/app-programprocessflowext/div[6]/div[4]/button is present in current page. :Assertion Passed
presence
Assertion Passed: Expected element xpath /html/body/app-root/app-layout/section/app-programprocessflowext/div[4]/a/img is present in current page. :Assertion Passed
test_step_click Log Out
it completed
[32m.[0mApplication_name : vbnet, Scenario_name : mipage
test_step_inputdemouser
test_step_inputdemouser1
test_step_click Login
test_step_click Master Inventory
presence
Assertion Passed: Expected element xpath /html/body/app-root/app-layout/section/app-masterinvapp/div[1]/app-page-header/div/div/ol/li[2] is present in current page. :Assertion Passed
presence
Assertion Passed: Expected element xpath /html/body/app-root/app-layout/section/app-masterinvapp/div[3]/div[2]/label is present in current page. :Assertion Passed
test_step_click All
test_step_click Submit
test_step_click Log Out
it completed
[32m.[0mApplication_name : vbnet, Scenario_name : orphan
test_step_inputdemouser
test_step_inputdemouser1
test_step_click Login
test_step_click Technical Debt Report
test_step_click Orphan Report
presence
Assertion Passed: Expected element xpath /html/body/app-root/app-layout/section/app-orphanapp/div[1]/app-page-header/div/div/ol/li[2] is present in current page. :Assertion Passed
presence
Assertion Passed: Expected element xpath /html/body/app-root/app-layout/section/app-orphanapp/div[3]/div[2]/label is present in current page. :Assertion Passed
presence
Assertion Passed: Expected element xpath /html/body/app-root/app-layout/section/app-orphanapp/div[4]/div/div/div/div[3]/div[1]/div/table/thead/tr/th[1] is present in current page. :Assertion Passed
presence
Assertion Passed: Expected element xpath /html/body/app-root/app-layout/section/app-orphanapp/div[4]/div/div/div/div[2]/label/input is present in current page. :Assertion Passed
presence
Assertion Passed: Expected element xpath /html/body/app-root/app-layout/section/app-orphanapp/div[4]/div/div/div/div[3]/div[1]/div/table/thead/tr/th[2] is present in current page. :Assertion Passed
test_step_click All
Assertion Passed:  /html/body/app-root/app-layout/section/app-orphanapp/div[3]/div[4]/button is enabled. :Assertion Passed
test_step_click Submit
Assertion Passed: Expected Showing 1 to 10 of 15 entries for the Xpath/html/body/app-root/app-layout/section/app-orphanapp/div[4]/div/div/div/div[4] contain Showing 1 to 10 of 15 entries. :Assertion Passed
presence
Assertion Passed: Expected element xpath /html/body/app-root/app-layout/section/app-orphanapp/div[4]/div/div/div/div[5]/a[2] is present in current page. :Assertion Passed
presence
Assertion Passed: Expected element xpath /html/body/app-root/app-layout/section/app-orphanapp/div[1]/app-page-header/div/div/ol/li[1]/a is present in current page. :Assertion Passed
test_step_click Log Out
it completed
[32m.[0mApplication_name : vbnet, Scenario_name : navelement
test_step_inputdemouser
test_step_inputdemouser1
test_step_click Login
test_step_click Log Out
it completed
[32m.[0mApplication_name : vbnet, Scenario_name : missing
test_step_inputdemouser
test_step_input4demouser1
test_step_click Login
test_step_click Login


Number of Attempts Left: 5
Login
test_step_click 
test_step_click Login


Number of Attempts Left: 5
Login
test_step_inputdemouser1
test_step_click Login
test_step_click Missing Component
presence
Assertion Passed: Expected element xpath /html/body/app-root/app-layout/section/app-missingcompapp/div[1]/app-page-header/div/div/ol/li[2] is present in current page. :Assertion Passed
presence
Assertion Passed: Expected element xpath /html/body/app-root/app-layout/section/app-missingcompapp/div[2]/div[2]/label is present in current page. :Assertion Passed
presence
Assertion Passed: Expected element xpath /html/body/app-root/app-layout/section/app-missingcompapp/div[3]/div/div/a/img is present in current page. :Assertion Passed
test_step_click All
Assertion Passed:  /html/body/app-root/app-layout/section/app-missingcompapp/div[2]/div[4]/button is enabled. :Assertion Passed
test_step_click Submit
Assertion Passed: Expected Showing 1 to 2 of 2 entries for the Xpath/html/body/app-root/app-layout/section/app-missingcompapp/div[3]/div/div/div/div[4] contain Showing 1 to 2 of 2 entries. :Assertion Passed
presence
Assertion Passed: Expected element xpath /html/body/app-root/app-layout/section/app-missingcompapp/div[3]/div/div/div/div[5]/a[2] is present in current page. :Assertion Passed
presence
Assertion Passed: Expected element xpath /html/body/app-root/app-layout/section/app-missingcompapp/div[3]/div/div/div/div[3]/div[1]/div/table/thead/tr/th[1] is present in current page. :Assertion Passed
presence
Assertion Passed: Expected element xpath /html/body/app-root/app-layout/section/app-missingcompapp/div[3]/div/div/div/div[3]/div[1]/div/table/thead/tr/th[2] is present in current page. :Assertion Passed
presence
Assertion Passed: Expected element xpath /html/body/app-root/app-layout/section/app-missingcompapp/div[1]/app-page-header/div/div/ol/li[1]/a is present in current page. :Assertion Passed
test_step_click Log Out
it completed
[32m.[0mApplication_name : vbnet, Scenario_name : miexceldwnld
it completed
[31mF[0mApplication_name : vbnet, Scenario_name : masterinventory1
test_step_inputdemouser
test_step_inputdemouser1
test_step_click Login
test_step_click Master Inventory
presence
Assertion Passed: Expected element xpath /html/body/app-root/app-layout/section/app-masterinvapp/div[4]/div/div/div/div[3]/div[1]/div/table/thead/tr/th[1] is present in current page. :Assertion Passed
presence
Assertion Passed: Expected element xpath /html/body/app-root/app-layout/section/app-masterinvapp/div[4]/div/div/div/div[3]/div[1]/div/table/thead/tr/th[2] is present in current page. :Assertion Passed
test_step_click All
presence
Assertion Passed: Expected element xpath /html/body/app-root/app-layout/section/app-masterinvapp/div[4]/div/div/div/div[5]/a[1] is present in current page. :Assertion Passed
test_step_click Submit
test_step_click Log Out
it completed
[32m.[0mApplication_name : vbnet, Scenario_name : glossary1
test_step_inputdemouser
test_step_inputdemouser1
test_step_click Login
test_step_click   Glossary
presence
Assertion Passed: Expected element xpath /html/body/app-root/app-layout/section/app-bre/div[3]/div[7]/button is present in current page. :Assertion Passed
presence
Assertion Passed: Expected element xpath /html/body/app-root/app-layout/section/app-bre/div[4]/div[1]/div/a/img is present in current page. :Assertion Passed
presence
Assertion Passed: Expected element xpath /html/body/app-root/app-layout/section/app-bre/div[4]/div[1]/div/div/div[2]/label/input is present in current page. :Assertion Passed
presence
Assertion Passed: Expected element xpath /html/body/app-root/app-layout/section/app-bre/div[1]/app-page-header/div/div/ol/li[1]/a is present in current page. :Assertion Passed
Assertion Passed: Expected Showing 1 to 10 of 296 entries for the Xpath/html/body/app-root/app-layout/section/app-bre/div[4]/div[1]/div/div/div[4] contain Showing 1 to 10 of 296 entries. :Assertion Passed
presence
Assertion Passed: Expected element xpath /html/body/app-root/app-layout/section/app-bre/div[4]/div[1]/div/div/div[5]/a[2] is present in current page. :Assertion Passed
presence
Assertion Passed: Expected element xpath /html/body/app-root/app-layout/section/app-bre/div[4]/div[1] is present in current page. :Assertion Passed
test_step_click Log Out
it completed
[32m.[0mApplication_name : vbnet, Scenario_name : masterinventory
test_step_inputdemouser
test_step_inputdemouser1
test_step_click Login
test_step_click Master Inventory
presence
Assertion Passed: Expected element xpath /html/body/app-root/app-layout/section/app-masterinvapp/div[3]/div[4]/button is present in current page. :Assertion Passed
presence
Assertion Passed: Expected element xpath /html/body/app-root/app-layout/section/app-masterinvapp/div[1]/app-page-header/div/div/ol/li[1]/a is present in current page. :Assertion Passed
presence
Assertion Passed: Expected element xpath /html/body/app-root/app-layout/section/app-masterinvapp/div[4]/div/div/a/img is present in current page. :Assertion Passed
test_step_click All
presence
Assertion Passed: Expected element xpath /html/body/app-root/app-layout/section/app-masterinvapp/div[4]/div/div/div/div[2]/label is present in current page. :Assertion Passed
presence
Assertion Passed: Expected element xpath /html/body/app-root/app-layout/section/app-masterinvapp/div[4]/div/div/div/div[4] is present in current page. :Assertion Passed
test_step_click Submit
test_step_click Log Out
it completed
[32m.[0mApplication_name : vbnet, Scenario_name : logout
test_step_inputdemouser
test_step_inputdemouser1
test_step_click Login
test_step_click Master Inventory
presence
Assertion Passed: Expected element xpath /html/body/app-root/app-layout/app-header/nav/div/ul/li/a is present in current page. :Assertion Passed
test_step_click Log Out
it completed
[32m.[0mApplication_name : vbnet, Scenario_name : inputfield
test_step_inputdemouser
test_step_inputdemouser1
test_step_click Login
test_step_click Log Out
it completed
[32m.[0mApplication_name : vbnet, Scenario_name : glossaryspin
test_step_inputdemouser
test_step_inputdemouser1
test_step_click Login
test_step_click   Glossary
test_step_click Update Annotations
presence
Assertion Passed: Expected element xpath /html/body/app-root/app-layout/section/app-bre/div[3]/div[5]/i is present in current page. :Assertion Passed
test_step_click 
presence
Assertion Passed: Expected element xpath /html/body/app-root/app-layout/section/app-bre/div[3]/div[4]/span is present in current page. :Assertion Passed
test_step_click Log Out
it completed
[32m.[0mApplication_name : vbnet, Scenario_name : controlflowautofill
test_step_inputdemouser
test_step_inputdemouser1
test_step_click Login
test_step_click Flow Diagrams
test_step_click Call Chain
test_step_click All
test_step_click CODEBEHIND
test_step_click About.aspx.vb
test_step_click Backward Call Chain
test_step_click Submit
test_step_click Control Flow
presence
Assertion Passed: Expected element xpath /html/body/app-root/app-layout/section/app-controlflowapp/div[2]/div/div[2]/select is present in current page. :Assertion Passed
presence
Assertion Passed: Expected element xpath /html/body/app-root/app-layout/section/app-controlflowapp/div[3]/div/div[2]/select is present in current page. :Assertion Passed
test_step_click Submit
presence
Assertion Failed: Expected element xpath/html/body/app-root/app-layout/section/app-controlflowapp/div[4]/ngx-graph/ngx-charts-chart/div/svg/g/g[3]/g[1]/g/text is not present in current page. :Assertion Failed
test_step_click Log Out
it completed
[32m.[0mApplication_name : vbnet, Scenario_name : glossary
test_step_inputdemouser
test_step_click Login


Number of Attempts Left: 5
Login
test_step_inputdemouser1
test_step_click Login
test_step_click   Glossary
presence
Assertion Passed: Expected element xpath /html/body/app-root/app-layout/section/app-bre/div[1]/app-page-header/div/div/ol/li[2] is present in current page. :Assertion Passed
presence
Assertion Passed: Expected element xpath /html/body/app-root/app-layout/section/app-bre/div[3]/div[1]/label is present in current page. :Assertion Passed
presence
Assertion Passed: Expected element xpath /html/body/app-root/app-layout/section/app-bre/div[3]/div[3]/button is present in current page. :Assertion Passed
test_step_click Log Out
it completed
[32m.[0mApplication_name : vbnet, Scenario_name : frwdcallchain
test_step_inputdemouser
test_step_inputdemouser1
test_step_click Login
test_step_click Flow Diagrams
test_step_click Call Chain
test_step_click All
test_step_click Submit
Assertion Passed: Expected Please select all values for the Xpath/html/body/app-root/app-layout/section/app-callchainapp/div[3]/div/div[7]/label is equal toPlease select all values. :Assertion Passed
test_step_click CODEBEHIND
test_step_click About.aspx.vb
test_step_click Forward Call Chain
test_step_click Submit
Assertion Passed: Expected Data not available for selected component! for the Xpath/html/body/app-root/app-layout/section/app-callchainapp/div[3]/div/div[7]/label is equal toData not available for selected component!. :Assertion Passed
test_step_click Log Out
it completed
[32m.[0mApplication_name : vbnet, Scenario_name : fileupload
test_step_inputdemouser
test_step_inputdemouser1
test_step_click Login
test_step_click Glossary
test_step_inputC:akepathiTAPjava.xlsx
it completed
[31mF[0mApplication_name : vbnet, Scenario_name : dashboardtext
it completed
[31mF[0mApplication_name : vbnet, Scenario_name : dashboard
test_step_inputdemouser
test_step_inputdemouser1
test_step_click Login
presence
Assertion Passed: Expected element xpath /html/body/app-root/app-layout/app-header/nav/img is present in current page. :Assertion Passed
Assertion Passed: Expected Dashboard - LCaaS for the Xpath/html/body/app-root/app-layout/section/app-dashboard/div[1]/h2 contain Dashboard - LCaaS. :Assertion Passed
presence
Assertion Passed: Expected element xpath /html/body/app-root/app-layout/section/app-dashboard/div[3]/div/div/div[1] is present in current page. :Assertion Passed
presence
Assertion Passed: Expected element xpath /html/body/app-root/app-layout/section/app-dashboard/div[4]/div[1]/div/div[2]/div/canvas is present in current page. :Assertion Passed
presence
Assertion Passed: Expected element xpath /html/body/app-root/app-layout/section/app-dashboard/div[4]/div[2]/div/div[2]/canvas is present in current page. :Assertion Passed
presence
Assertion Passed: Expected element xpath /html/body/app-root/app-layout/section/app-dashboard/div[5]/div[1]/div/div[2]/canvas is present in current page. :Assertion Passed
presence
Assertion Passed: Expected element xpath /html/body/app-root/app-layout/section/app-dashboard/div[5]/div[2]/div/div[2]/div/canvas is present in current page. :Assertion Passed
presence
Assertion Passed: Expected element xpath /html/body/app-root/app-layout/section/app-dashboard/div[6]/div[1]/div/div[2]/canvas is present in current page. :Assertion Passed
presence
Assertion Passed: Expected element xpath /html/body/app-root/app-layout/section/app-dashboard/div[8]/div/div/div[2]/canvas is present in current page. :Assertion Passed
Assertion Passed: Expected Application wise Business Rules
Download for the Xpath/html/body/app-root/app-layout/section/app-dashboard/div[7]/div[2]/div/div[1] contain Application wise Business Rules . :Assertion Passed
test_step_click Log Out
it completed
[32m.[0mApplication_name : vbnet, Scenario_name : crud1
test_step_inputdemouser
test_step_inputdemouser1
test_step_click Login
[19:25:30] W/element - more than one element found for locator By(xpath,  //a[@href="/vbnet/CRUD"]) - the first result will be used
[19:25:30] W/element - more than one element found for locator By(xpath,  //a[@href="/vbnet/CRUD"]) - the first result will be used
[19:25:30] W/element - more than one element found for locator By(xpath,  //a[@href="/vbnet/CRUD"]) - the first result will be used
test_step_click   CRUD
[19:25:30] W/element - more than one element found for locator By(xpath,  //a[@href="/vbnet/CRUD"]) - the first result will be used
[19:25:31] W/element - more than one element found for locator By(xpath,  //a[@href="/vbnet/CRUD"]) - the first result will be used
test_step_click All
test_step_click Submit
test_step_click Log Out
it completed
[32m.[0mApplication_name : vbnet, Scenario_name : crud
test_step_inputdemouser
test_step_inputdemouser1
test_step_click Login
[19:25:44] W/element - more than one element found for locator By(xpath,  //a[@href="/vbnet/CRUD"]) - the first result will be used
[19:25:44] W/element - more than one element found for locator By(xpath,  //a[@href="/vbnet/CRUD"]) - the first result will be used
[19:25:44] W/element - more than one element found for locator By(xpath,  //a[@href="/vbnet/CRUD"]) - the first result will be used
test_step_click   CRUD
[19:25:44] W/element - more than one element found for locator By(xpath,  //a[@href="/vbnet/CRUD"]) - the first result will be used
[19:25:44] W/element - more than one element found for locator By(xpath,  //a[@href="/vbnet/CRUD"]) - the first result will be used
presence
Assertion Passed: Expected element xpath /html/body/app-root/app-layout/section/app-formapp/div[1]/app-page-header/div/div/ol/li[2] is present in current page. :Assertion Passed
presence
Assertion Passed: Expected element xpath /html/body/app-root/app-layout/section/app-formapp/div[4]/div/div/a/img is present in current page. :Assertion Passed
presence
Assertion Passed: Expected element xpath /html/body/app-root/app-layout/section/app-formapp/div[4]/div/div/div/div[2]/label/input is present in current page. :Assertion Passed
presence
Assertion Passed: Expected element xpath /html/body/app-root/app-layout/section/app-formapp/div[3]/div[2]/label is present in current page. :Assertion Passed
test_step_click All
Assertion Passed:  /html/body/app-root/app-layout/section/app-formapp/div[3]/div[4]/button is enabled. :Assertion Passed
test_step_click Submit
Assertion Passed: Expected Showing 1 to 10 of 18 entries for the Xpath/html/body/app-root/app-layout/section/app-formapp/div[4]/div/div/div/div[4] contain Showing 1 to 10 of 18 entries. :Assertion Passed
presence
Assertion Passed: Expected element xpath /html/body/app-root/app-layout/section/app-formapp/div[4]/div/div/div/div[5]/a[3] is present in current page. :Assertion Passed
presence
Assertion Passed: Expected element xpath /html/body/app-root/app-layout/section/app-formapp/div[4]/div/div/div/div[3]/div[1]/div/table/thead/tr/th[2] is present in current page. :Assertion Passed
presence
Assertion Passed: Expected element xpath /html/body/app-root/app-layout/section/app-formapp/div[1]/app-page-header/div/div/ol/li[1]/a is present in current page. :Assertion Passed
presence
Assertion Passed: Expected element xpath /html/body/app-root/app-layout/section/app-formapp/div[4]/div/div/a/img is present in current page. :Assertion Passed
test_step_click Log Out
it completed
[32m.[0mApplication_name : vbnet, Scenario_name : component
test_step_inputdemouser
test_step_inputdemouser1
test_step_click Login
Assertion Passed: Expected 45 for the Xpath/html/body/app-root/app-layout/section/app-dashboard/div[1]/div[2]/div[1]/a/app-stat/div/div/div/div[2]/div[1]/h2 is equal to45. :Assertion Passed
test_step_click 45
test_step_click All
test_step_click Submit
Assertion Passed: Expected Showing 1 to 10 of 45 entries for the Xpath/html/body/app-root/app-layout/section/app-masterinvapp/div[4]/div/div/div/div[4] contain Showing 1 to 10 of 45 entries. :Assertion Passed
test_step_click Log Out
it completed
[32m.[0mApplication_name : vbnet, Scenario_name : controlflow
test_step_inputdemouser
test_step_inputdemouser1
test_step_click Login
test_step_click Flow Diagrams
test_step_click Control Flow
presence
Assertion Passed: Expected element xpath /html/body/app-root/app-layout/section/app-controlflowapp/div[1]/app-page-header/div/div/ol/li[2] is present in current page. :Assertion Passed
presence
Assertion Passed: Expected element xpath /html/body/app-root/app-layout/section/app-controlflowapp/div[2]/div/div[1]/label is present in current page. :Assertion Passed
presence
Assertion Passed: Expected element xpath /html/body/app-root/app-layout/section/app-controlflowapp/div[2]/div/div[3]/label is present in current page. :Assertion Passed
presence
Assertion Passed: Expected element xpath /html/body/app-root/app-layout/section/app-controlflowapp/div[3]/div/div[1]/label is present in current page. :Assertion Passed
presence
Assertion Passed: Expected element xpath /html/body/app-root/app-layout/section/app-controlflowapp/div[1]/app-page-header/div/div/ol/li[1]/a is present in current page. :Assertion Passed
test_step_click All
test_step_click CODEBEHIND
test_step_click About.aspx.vb
Assertion Passed:  /html/body/app-root/app-layout/section/app-controlflowapp/div[3]/div/div[3]/button is enabled. :Assertion Passed
test_step_click Submit
Assertion Passed:  /html/body/app-root/app-layout/section/app-controlflowapp/div[3]/div/div[4]/button is enabled. :Assertion Passed
test_step_click Log Out
it completed
[32m.[0mApplication_name : vbnet, Scenario_name : comment
test_step_inputdemouser
test_step_click Login


Number of Attempts Left: 5
Login
test_step_inputdemouser1
test_step_click Login
test_step_click Commented Lines Report
presence
Assertion Passed: Expected element xpath /html/body/app-root/app-layout/section/app-commentedlinesapp/div[1]/app-page-header/div/div/ol/li[2] is present in current page. :Assertion Passed
presence
Assertion Passed: Expected element xpath /html/body/app-root/app-layout/section/app-commentedlinesapp/div[1]/app-page-header/div/div/ol/li[1]/a is present in current page. :Assertion Passed
presence
Assertion Passed: Expected element xpath /html/body/app-root/app-layout/section/app-commentedlinesapp/div[3]/div[2]/label is present in current page. :Assertion Passed
presence
Assertion Passed: Expected element xpath /html/body/app-root/app-layout/section/app-commentedlinesapp/div[4]/div/div/a/img is present in current page. :Assertion Passed
test_step_click All
Assertion Passed:  /html/body/app-root/app-layout/section/app-commentedlinesapp/div[3]/div[4]/button is enabled. :Assertion Passed
test_step_click Submit
presence
Assertion Passed: Expected element xpath /html/body/app-root/app-layout/section/app-commentedlinesapp/div[4]/div/div/div/div[3]/div[1]/div/table/thead/tr/th[1] is present in current page. :Assertion Passed
presence
Assertion Passed: Expected element xpath /html/body/app-root/app-layout/section/app-commentedlinesapp/div[4]/div/div/div/div[2]/label/input is present in current page. :Assertion Passed
presence
Assertion Passed: Expected element xpath /html/body/app-root/app-layout/section/app-commentedlinesapp/div[4]/div/div/div/div[3]/div[1]/div/table/thead/tr/th[2] is present in current page. :Assertion Passed
Assertion Passed: Expected Showing 1 to 10 of 45 entries for the Xpath/html/body/app-root/app-layout/section/app-commentedlinesapp/div[4]/div/div/div/div[4] contain Showing 1 to 10 of 45 entries. :Assertion Passed
presence
Assertion Passed: Expected element xpath /html/body/app-root/app-layout/section/app-commentedlinesapp/div[4]/div/div/div/div[5]/a[4] is present in current page. :Assertion Passed
test_step_click Log Out
it completed
[32m.[0mApplication_name : vbnet, Scenario_name : colortest
test_step_inputdemouser
test_step_inputdemouser1
test_step_click Login
Assertion Failed: Expected rgba(255, 255, 255, 1) for the Xpath/html/body/app-root/app-layout/section/app-dashboard/div[1]/div[2]/div[1]/a/app-stat/div/div not contain rgba(40, 167, 69, 1). :Assertion Failed
test_step_click Log Out
it completed
[32m.[0mApplication_name : vbnet, Scenario_name : callchaindgrm
test_step_inputdemouser
test_step_inputdemouser1
test_step_click Login
test_step_click Flow Diagrams
test_step_click Call Chain
test_step_click All
test_step_click CODEBEHIND
test_step_click About.aspx.vb
test_step_click Backward Call Chain
test_step_click Submit
presence
Assertion Failed: Expected element xpath/html/body/app-root/app-layout/section/app-callchainapp/div[4]/ngx-graph/ngx-charts-chart/div/svg/g/g[3]/g[1]/g/text is not present in current page. :Assertion Failed
test_step_click Log Out
it completed
[32m.[0mApplication_name : vbnet, Scenario_name : collapsebar
test_step_inputdemouser
test_step_inputdemouser1
test_step_click Login
test_step_click Collapse Sidebar
presence
Assertion Passed: Expected element xpath /html/body/app-root/app-layout/app-sidebar/nav/div[2] is present in current page. :Assertion Passed
test_step_click 
test_step_click Log Out
it completed
[32m.[0mApplication_name : vbnet, Scenario_name : callchain
test_step_inputdemouser
test_step_inputdemouser1
test_step_click Login
test_step_click 
test_step_click Call Chain
presence
Assertion Passed: Expected element xpath /html/body/app-root/app-layout/section/app-callchainapp/div[1]/app-page-header/div/div/ol/li[2] is present in current page. :Assertion Passed
presence
Assertion Passed: Expected element xpath /html/body/app-root/app-layout/section/app-callchainapp/div[1]/app-page-header/div/div/ol/li[1]/a is present in current page. :Assertion Passed
presence
Assertion Passed: Expected element xpath /html/body/app-root/app-layout/section/app-callchainapp/div[2]/div/div[1]/label is present in current page. :Assertion Passed
presence
Assertion Passed: Expected element xpath /html/body/app-root/app-layout/section/app-callchainapp/div[3]/div/div[1]/label is present in current page. :Assertion Passed
presence
Assertion Passed: Expected element xpath /html/body/app-root/app-layout/section/app-callchainapp/div[3]/div/div[3]/label is present in current page. :Assertion Passed
presence
Assertion Passed: Expected element xpath /html/body/app-root/app-layout/section/app-callchainapp/div[2]/div/div[3]/label is present in current page. :Assertion Passed
test_step_click All
test_step_click CODEBEHIND
test_step_click About.aspx.vb
test_step_click Backward Call Chain
Assertion Passed:  /html/body/app-root/app-layout/section/app-callchainapp/div[3]/div/div[5]/button is enabled. :Assertion Passed
test_step_click Submit
presence
Assertion Passed: Expected element xpath /html/body/app-root/app-layout/section/app-callchainapp/div[3]/div/div[6]/button is present in current page. :Assertion Passed
test_step_click Log Out
it completed
[32m.[0mApplication_name : vbnet, Scenario_name : allreport
test_step_inputdemouser
test_step_inputdemouser1
test_step_click Login
test_step_click Master Inventory
presence
Assertion Failed: Expected element xpath/html/body/app-root/app-layout/section/app-masterinvapp/div[1]/app-page-header/div/div/ol/li[2] is not present in current page. :Assertion Failed
test_step_click X-Ref Report
presence
Assertion Passed: Expected element xpath /html/body/app-root/app-layout/section/app-x-ref-application/div[1]/app-page-header/div/div/ol/li[2] is present in current page. :Assertion Passed
test_step_click   Spider
presence
Assertion Passed: Expected element xpath /html/body/app-root/app-layout/section/app-spiderfilterapp/div[1]/app-page-header/div/div/ol/li[2] is present in current page. :Assertion Passed
test_step_click Flow Diagrams
test_step_click Call Chain
presence
Assertion Passed: Expected element xpath /html/body/app-root/app-layout/section/app-callchainapp/div[1]/app-page-header/div/div/ol/li[2] is present in current page. :Assertion Passed
test_step_click Control Flow
presence
Assertion Passed: Expected element xpath /html/body/app-root/app-layout/section/app-controlflowapp/div[1]/app-page-header/div/div/ol/li[2] is present in current page. :Assertion Passed
test_step_click Program Process Flow
presence
Assertion Passed: Expected element xpath /html/body/app-root/app-layout/section/app-programprocessflowext/div[1]/app-page-header/div/div/ol/li[2] is present in current page. :Assertion Passed
test_step_click Business Rule Extraction
test_step_click Rules report
presence
Assertion Passed: Expected element xpath /html/body/app-root/app-layout/section/app-bre/div[1]/app-page-header/div/div/ol/li[2] is present in current page. :Assertion Passed
test_step_click Harvesting Reports
test_step_click Rule Harvesting report
presence
Assertion Passed: Expected element xpath /html/body/app-root/app-layout/section/app-bre/div[1]/app-page-header/div/div/ol/li[2] is present in current page. :Assertion Passed
test_step_click Screenfield Harvesting report
presence
Assertion Passed: Expected element xpath /html/body/app-root/app-layout/section/app-cicsscreen-app/div[1]/app-page-header/div/div/ol/li[2] is present in current page. :Assertion Passed
test_step_click Sankey Diagram
presence
Assertion Passed: Expected element xpath /html/body/app-root/app-layout/section/app-sankey/div[1]/app-page-header/div/div/ol/li[2] is present in current page. :Assertion Passed
test_step_click   Screen Report
test_step_click Screen Definition
presence
Assertion Passed: Expected element xpath /html/body/app-root/app-layout/section/app-cicsscreen-app/div[1]/app-page-header/div/div/ol/li[2] is present in current page. :Assertion Passed
test_step_click Screen Validation
presence
Assertion Passed: Expected element xpath /html/body/app-root/app-layout/section/app-cicsvalidation-app/div[1]/app-page-header/div/div/ol/li[2] is present in current page. :Assertion Passed
test_step_click   CRUD
presence
Assertion Passed: Expected element xpath /html/body/app-root/app-layout/section/app-formapp/div[1]/app-page-header/div/div/ol/li[2] is present in current page. :Assertion Passed
test_step_click   Glossary
presence
Assertion Passed: Expected element xpath /html/body/app-root/app-layout/section/app-bre/div[1]/app-page-header/div/div/ol/li[2] is present in current page. :Assertion Passed
test_step_click Variable Impact Report
presence
Assertion Passed: Expected element xpath /html/body/app-root/app-layout/section/app-impact/div[1]/app-page-header/div/div/ol/li[2] is present in current page. :Assertion Passed
test_step_click Commented Lines Report
presence
Assertion Passed: Expected element xpath /html/body/app-root/app-layout/section/app-commentedlinesapp/div[1]/app-page-header/div/div/ol/li[2] is present in current page. :Assertion Passed
test_step_click Technical Debt Report
test_step_click Orphan Report
presence
Assertion Passed: Expected element xpath /html/body/app-root/app-layout/section/app-orphanapp/div[1]/app-page-header/div/div/ol/li[2] is present in current page. :Assertion Passed
test_step_click   User Guide
presence
Assertion Passed: Expected element xpath /html/body/app-root/app-layout/section/app-charts/div/app-page-header/div/div/ol/li[2] is present in current page. :Assertion Passed
test_step_click Log Out
it completed
[32m.[0m

Failures:
1) vbnet varimpact_testcase2
  Message:
[31m    Failed: unexpected alert open: {Alert text : }
      (Session info: chrome=104.0.5112.81): {Alert text : 
    Build info: version: '3.141.59', revision: 'e82be7d358', time: '2018-11-14T08:25:53'
    System info: host: 'INCHCMLP12070', ip: '192.168.1.102', os.name: 'Windows 10', os.arch: 'amd64', os.version: '10.0', java.version: '11.0.12'
    Driver info: driver.version: unknown[0m
  Stack:
    UnexpectedAlertOpenError: unexpected alert open: {Alert text : }
      (Session info: chrome=104.0.5112.81): {Alert text : 
    Build info: version: '3.141.59', revision: 'e82be7d358', time: '2018-11-14T08:25:53'
    System info: host: 'INCHCMLP12070', ip: '192.168.1.102', os.name: 'Windows 10', os.arch: 'amd64', os.version: '10.0', java.version: '11.0.12'
    Driver info: driver.version: unknown
        at Object.checkLegacyResponse (C:\Users\dr00810779\AppData\Roaming\npm\node_modules\protractor\node_modules\selenium-webdriver\lib\error.js:553:13)
        at parseHttpResponse (C:\Users\dr00810779\AppData\Roaming\npm\node_modules\protractor\node_modules\selenium-webdriver\lib\http.js:509:13)
        at C:\Users\dr00810779\AppData\Roaming\npm\node_modules\protractor\node_modules\selenium-webdriver\lib\http.js:441:30
        at processTicksAndRejections (internal/process/task_queues.js:95:5)
    From: Task: WebDriver.findElements(By(xpath, //input[@id="Uname"]))
        at thenableWebDriverProxy.schedule (C:\Users\dr00810779\AppData\Roaming\npm\node_modules\protractor\node_modules\selenium-webdriver\lib\webdriver.js:807:17)
        at thenableWebDriverProxy.findElements (C:\Users\dr00810779\AppData\Roaming\npm\node_modules\protractor\node_modules\selenium-webdriver\lib\webdriver.js:1048:19)
        at C:\Users\dr00810779\AppData\Roaming\npm\node_modules\protractor\built\element.js:159:44
        at ManagedPromise.invokeCallback_ (C:\Users\dr00810779\AppData\Roaming\npm\node_modules\protractor\node_modules\selenium-webdriver\lib\promise.js:1376:14)
        at TaskQueue.execute_ (C:\Users\dr00810779\AppData\Roaming\npm\node_modules\protractor\node_modules\selenium-webdriver\lib\promise.js:3084:14)
        at TaskQueue.executeNext_ (C:\Users\dr00810779\AppData\Roaming\npm\node_modules\protractor\node_modules\selenium-webdriver\lib\promise.js:3067:27)
        at C:\Users\dr00810779\AppData\Roaming\npm\node_modules\protractor\node_modules\selenium-webdriver\lib\promise.js:2927:27
        at C:\Users\dr00810779\AppData\Roaming\npm\node_modules\protractor\node_modules\selenium-webdriver\lib\promise.js:668:7
    From: Task: <anonymous>
        at pollCondition (C:\Users\dr00810779\AppData\Roaming\npm\node_modules\protractor\node_modules\selenium-webdriver\lib\promise.js:2195:19)
        at C:\Users\dr00810779\AppData\Roaming\npm\node_modules\protractor\node_modules\selenium-webdriver\lib\promise.js:2191:7
        at new ManagedPromise (C:\Users\dr00810779\AppData\Roaming\npm\node_modules\protractor\node_modules\selenium-webdriver\lib\promise.js:1077:7)
        at ControlFlow.promise (C:\Users\dr00810779\AppData\Roaming\npm\node_modules\protractor\node_modules\selenium-webdriver\lib\promise.js:2505:12)
        at C:\Users\dr00810779\AppData\Roaming\npm\node_modules\protractor\node_modules\selenium-webdriver\lib\promise.js:2190:22
        at TaskQueue.execute_ (C:\Users\dr00810779\AppData\Roaming\npm\node_modules\protractor\node_modules\selenium-webdriver\lib\promise.js:3084:14)
        at TaskQueue.executeNext_ (C:\Users\dr00810779\AppData\Roaming\npm\node_modules\protractor\node_modules\selenium-webdriver\lib\promise.js:3067:27)
        at C:\Users\dr00810779\AppData\Roaming\npm\node_modules\protractor\node_modules\selenium-webdriver\lib\promise.js:2927:27
        at C:\Users\dr00810779\AppData\Roaming\npm\node_modules\protractor\node_modules\selenium-webdriver\lib\promise.js:668:7
    From: Task: Element taking too long to appear in the DOM
        at scheduleWait (C:\Users\dr00810779\AppData\Roaming\npm\node_modules\protractor\node_modules\selenium-webdriver\lib\promise.js:2188:20)
        at ControlFlow.wait (C:\Users\dr00810779\AppData\Roaming\npm\node_modules\protractor\node_modules\selenium-webdriver\lib\promise.js:2517:12)
        at thenableWebDriverProxy.wait (C:\Users\dr00810779\AppData\Roaming\npm\node_modules\protractor\node_modules\selenium-webdriver\lib\webdriver.js:934:29)
        at run (C:\Users\dr00810779\AppData\Roaming\npm\node_modules\protractor\built\browser.js:58:33)
        at ProtractorBrowser.to.<computed> [as wait] (C:\Users\dr00810779\AppData\Roaming\npm\node_modules\protractor\built\browser.js:66:16)
        at UserContext.<anonymous> (D:\iTAP\Recorded_Scenarios\testRun\vbnet\spec.js:156:9)
        at C:\Users\dr00810779\AppData\Roaming\npm\node_modules\protractor\node_modules\jasminewd2\index.js:112:25
        at new ManagedPromise (C:\Users\dr00810779\AppData\Roaming\npm\node_modules\protractor\node_modules\selenium-webdriver\lib\promise.js:1077:7)
        at ControlFlow.promise (C:\Users\dr00810779\AppData\Roaming\npm\node_modules\protractor\node_modules\selenium-webdriver\lib\promise.js:2505:12)
        at schedulerExecute (C:\Users\dr00810779\AppData\Roaming\npm\node_modules\protractor\node_modules\jasminewd2\index.js:95:18)
    From: Task: Run it("varimpact_testcase2") in control flow
        at UserContext.<anonymous> (C:\Users\dr00810779\AppData\Roaming\npm\node_modules\protractor\node_modules\jasminewd2\index.js:94:19)
    From asynchronous test: 
    Error
        at Suite.<anonymous> (D:\iTAP\Recorded_Scenarios\testRun\vbnet\spec.js:134:1)
        at Object.<anonymous> (D:\iTAP\Recorded_Scenarios\testRun\vbnet\spec.js:6:26)
        at Module._compile (internal/modules/cjs/loader.js:1085:14)
        at Object.Module._extensions..js (internal/modules/cjs/loader.js:1114:10)
        at Module.load (internal/modules/cjs/loader.js:950:32)
        at Function.Module._load (internal/modules/cjs/loader.js:790:14)

2) vbnet textnp_testcase10
  Message:
[31m    Failed: unexpected alert open: {Alert text : already logged in with this credentials}
      (Session info: chrome=104.0.5112.81): already logged in with this credentials
    Build info: version: '3.141.59', revision: 'e82be7d358', time: '2018-11-14T08:25:53'
    System info: host: 'INCHCMLP12070', ip: '192.168.1.102', os.name: 'Windows 10', os.arch: 'amd64', os.version: '10.0', java.version: '11.0.12'
    Driver info: driver.version: unknown[0m
  Stack:
    UnexpectedAlertOpenError: unexpected alert open: {Alert text : already logged in with this credentials}
      (Session info: chrome=104.0.5112.81): already logged in with this credentials
    Build info: version: '3.141.59', revision: 'e82be7d358', time: '2018-11-14T08:25:53'
    System info: host: 'INCHCMLP12070', ip: '192.168.1.102', os.name: 'Windows 10', os.arch: 'amd64', os.version: '10.0', java.version: '11.0.12'
    Driver info: driver.version: unknown
        at Object.checkLegacyResponse (C:\Users\dr00810779\AppData\Roaming\npm\node_modules\protractor\node_modules\selenium-webdriver\lib\error.js:553:13)
        at parseHttpResponse (C:\Users\dr00810779\AppData\Roaming\npm\node_modules\protractor\node_modules\selenium-webdriver\lib\http.js:509:13)
        at C:\Users\dr00810779\AppData\Roaming\npm\node_modules\protractor\node_modules\selenium-webdriver\lib\http.js:441:30
        at processTicksAndRejections (internal/process/task_queues.js:95:5)
    From: Task: WebDriver.findElements(By(xpath, //span))
        at thenableWebDriverProxy.schedule (C:\Users\dr00810779\AppData\Roaming\npm\node_modules\protractor\node_modules\selenium-webdriver\lib\webdriver.js:807:17)
        at thenableWebDriverProxy.findElements (C:\Users\dr00810779\AppData\Roaming\npm\node_modules\protractor\node_modules\selenium-webdriver\lib\webdriver.js:1048:19)
        at C:\Users\dr00810779\AppData\Roaming\npm\node_modules\protractor\built\element.js:159:44
        at ManagedPromise.invokeCallback_ (C:\Users\dr00810779\AppData\Roaming\npm\node_modules\protractor\node_modules\selenium-webdriver\lib\promise.js:1376:14)
        at TaskQueue.execute_ (C:\Users\dr00810779\AppData\Roaming\npm\node_modules\protractor\node_modules\selenium-webdriver\lib\promise.js:3084:14)
        at TaskQueue.executeNext_ (C:\Users\dr00810779\AppData\Roaming\npm\node_modules\protractor\node_modules\selenium-webdriver\lib\promise.js:3067:27)
        at C:\Users\dr00810779\AppData\Roaming\npm\node_modules\protractor\node_modules\selenium-webdriver\lib\promise.js:2927:27
        at C:\Users\dr00810779\AppData\Roaming\npm\node_modules\protractor\node_modules\selenium-webdriver\lib\promise.js:668:7
    From: Task: <anonymous>
        at Timeout.pollCondition [as _onTimeout] (C:\Users\dr00810779\AppData\Roaming\npm\node_modules\protractor\node_modules\selenium-webdriver\lib\promise.js:2195:19)
        at listOnTimeout (internal/timers.js:557:17)
        at processTimers (internal/timers.js:500:7)
    From: Task: Element taking too long to appear in the DOM
        at scheduleWait (C:\Users\dr00810779\AppData\Roaming\npm\node_modules\protractor\node_modules\selenium-webdriver\lib\promise.js:2188:20)
        at ControlFlow.wait (C:\Users\dr00810779\AppData\Roaming\npm\node_modules\protractor\node_modules\selenium-webdriver\lib\promise.js:2517:12)
        at thenableWebDriverProxy.wait (C:\Users\dr00810779\AppData\Roaming\npm\node_modules\protractor\node_modules\selenium-webdriver\lib\webdriver.js:934:29)
        at run (C:\Users\dr00810779\AppData\Roaming\npm\node_modules\protractor\built\browser.js:58:33)
        at ProtractorBrowser.to.<computed> [as wait] (C:\Users\dr00810779\AppData\Roaming\npm\node_modules\protractor\built\browser.js:66:16)
        at UserContext.<anonymous> (D:\iTAP\Recorded_Scenarios\testRun\vbnet\spec.js:2581:9)
        at C:\Users\dr00810779\AppData\Roaming\npm\node_modules\protractor\node_modules\jasminewd2\index.js:112:25
        at new ManagedPromise (C:\Users\dr00810779\AppData\Roaming\npm\node_modules\protractor\node_modules\selenium-webdriver\lib\promise.js:1077:7)
        at ControlFlow.promise (C:\Users\dr00810779\AppData\Roaming\npm\node_modules\protractor\node_modules\selenium-webdriver\lib\promise.js:2505:12)
        at schedulerExecute (C:\Users\dr00810779\AppData\Roaming\npm\node_modules\protractor\node_modules\jasminewd2\index.js:95:18)
    From: Task: Run it("textnp_testcase10") in control flow
        at UserContext.<anonymous> (C:\Users\dr00810779\AppData\Roaming\npm\node_modules\protractor\node_modules\jasminewd2\index.js:94:19)
    From asynchronous test: 
    Error
        at Suite.<anonymous> (D:\iTAP\Recorded_Scenarios\testRun\vbnet\spec.js:2464:1)
        at Object.<anonymous> (D:\iTAP\Recorded_Scenarios\testRun\vbnet\spec.js:6:26)
        at Module._compile (internal/modules/cjs/loader.js:1085:14)
        at Object.Module._extensions..js (internal/modules/cjs/loader.js:1114:10)
        at Module.load (internal/modules/cjs/loader.js:950:32)
        at Function.Module._load (internal/modules/cjs/loader.js:790:14)

3) vbnet spiderautofill_testcase11
  Message:
[31m    Failed: unexpected alert open: {Alert text : already logged in with this credentials}
      (Session info: chrome=104.0.5112.81): already logged in with this credentials
    Build info: version: '3.141.59', revision: 'e82be7d358', time: '2018-11-14T08:25:53'
    System info: host: 'INCHCMLP12070', ip: '192.168.1.102', os.name: 'Windows 10', os.arch: 'amd64', os.version: '10.0', java.version: '11.0.12'
    Driver info: driver.version: unknown[0m
  Stack:
    UnexpectedAlertOpenError: unexpected alert open: {Alert text : already logged in with this credentials}
      (Session info: chrome=104.0.5112.81): already logged in with this credentials
    Build info: version: '3.141.59', revision: 'e82be7d358', time: '2018-11-14T08:25:53'
    System info: host: 'INCHCMLP12070', ip: '192.168.1.102', os.name: 'Windows 10', os.arch: 'amd64', os.version: '10.0', java.version: '11.0.12'
    Driver info: driver.version: unknown
        at Object.checkLegacyResponse (C:\Users\dr00810779\AppData\Roaming\npm\node_modules\protractor\node_modules\selenium-webdriver\lib\error.js:553:13)
        at parseHttpResponse (C:\Users\dr00810779\AppData\Roaming\npm\node_modules\protractor\node_modules\selenium-webdriver\lib\http.js:509:13)
        at C:\Users\dr00810779\AppData\Roaming\npm\node_modules\protractor\node_modules\selenium-webdriver\lib\http.js:441:30
        at runMicrotasks (<anonymous>)
        at processTicksAndRejections (internal/process/task_queues.js:95:5)
    From: Task: WebDriver.findElements(By(xpath, //span))
        at thenableWebDriverProxy.schedule (C:\Users\dr00810779\AppData\Roaming\npm\node_modules\protractor\node_modules\selenium-webdriver\lib\webdriver.js:807:17)
        at thenableWebDriverProxy.findElements (C:\Users\dr00810779\AppData\Roaming\npm\node_modules\protractor\node_modules\selenium-webdriver\lib\webdriver.js:1048:19)
        at C:\Users\dr00810779\AppData\Roaming\npm\node_modules\protractor\built\element.js:159:44
        at ManagedPromise.invokeCallback_ (C:\Users\dr00810779\AppData\Roaming\npm\node_modules\protractor\node_modules\selenium-webdriver\lib\promise.js:1376:14)
        at TaskQueue.execute_ (C:\Users\dr00810779\AppData\Roaming\npm\node_modules\protractor\node_modules\selenium-webdriver\lib\promise.js:3084:14)
        at TaskQueue.executeNext_ (C:\Users\dr00810779\AppData\Roaming\npm\node_modules\protractor\node_modules\selenium-webdriver\lib\promise.js:3067:27)
        at C:\Users\dr00810779\AppData\Roaming\npm\node_modules\protractor\node_modules\selenium-webdriver\lib\promise.js:2927:27
        at C:\Users\dr00810779\AppData\Roaming\npm\node_modules\protractor\node_modules\selenium-webdriver\lib\promise.js:668:7
    From: Task: <anonymous>
        at Timeout.pollCondition [as _onTimeout] (C:\Users\dr00810779\AppData\Roaming\npm\node_modules\protractor\node_modules\selenium-webdriver\lib\promise.js:2195:19)
        at listOnTimeout (internal/timers.js:557:17)
        at processTimers (internal/timers.js:500:7)
    From: Task: Element taking too long to appear in the DOM
        at scheduleWait (C:\Users\dr00810779\AppData\Roaming\npm\node_modules\protractor\node_modules\selenium-webdriver\lib\promise.js:2188:20)
        at ControlFlow.wait (C:\Users\dr00810779\AppData\Roaming\npm\node_modules\protractor\node_modules\selenium-webdriver\lib\promise.js:2517:12)
        at thenableWebDriverProxy.wait (C:\Users\dr00810779\AppData\Roaming\npm\node_modules\protractor\node_modules\selenium-webdriver\lib\webdriver.js:934:29)
        at run (C:\Users\dr00810779\AppData\Roaming\npm\node_modules\protractor\built\browser.js:58:33)
        at ProtractorBrowser.to.<computed> [as wait] (C:\Users\dr00810779\AppData\Roaming\npm\node_modules\protractor\built\browser.js:66:16)
        at UserContext.<anonymous> (D:\iTAP\Recorded_Scenarios\testRun\vbnet\spec.js:2923:9)
        at C:\Users\dr00810779\AppData\Roaming\npm\node_modules\protractor\node_modules\jasminewd2\index.js:112:25
        at new ManagedPromise (C:\Users\dr00810779\AppData\Roaming\npm\node_modules\protractor\node_modules\selenium-webdriver\lib\promise.js:1077:7)
        at ControlFlow.promise (C:\Users\dr00810779\AppData\Roaming\npm\node_modules\protractor\node_modules\selenium-webdriver\lib\promise.js:2505:12)
        at schedulerExecute (C:\Users\dr00810779\AppData\Roaming\npm\node_modules\protractor\node_modules\jasminewd2\index.js:95:18)
    From: Task: Run it("spiderautofill_testcase11") in control flow
        at UserContext.<anonymous> (C:\Users\dr00810779\AppData\Roaming\npm\node_modules\protractor\node_modules\jasminewd2\index.js:94:19)
    From asynchronous test: 
    Error
        at Suite.<anonymous> (D:\iTAP\Recorded_Scenarios\testRun\vbnet\spec.js:2806:1)
        at Object.<anonymous> (D:\iTAP\Recorded_Scenarios\testRun\vbnet\spec.js:6:26)
        at Module._compile (internal/modules/cjs/loader.js:1085:14)
        at Object.Module._extensions..js (internal/modules/cjs/loader.js:1114:10)
        at Module.load (internal/modules/cjs/loader.js:950:32)
        at Function.Module._load (internal/modules/cjs/loader.js:790:14)

4) vbnet spider_testcase12
  Message:
[31m    Failed: unexpected alert open: {Alert text : already logged in with this credentials}
      (Session info: chrome=104.0.5112.81): already logged in with this credentials
    Build info: version: '3.141.59', revision: 'e82be7d358', time: '2018-11-14T08:25:53'
    System info: host: 'INCHCMLP12070', ip: '192.168.1.102', os.name: 'Windows 10', os.arch: 'amd64', os.version: '10.0', java.version: '11.0.12'
    Driver info: driver.version: unknown[0m
  Stack:
    UnexpectedAlertOpenError: unexpected alert open: {Alert text : already logged in with this credentials}
      (Session info: chrome=104.0.5112.81): already logged in with this credentials
    Build info: version: '3.141.59', revision: 'e82be7d358', time: '2018-11-14T08:25:53'
    System info: host: 'INCHCMLP12070', ip: '192.168.1.102', os.name: 'Windows 10', os.arch: 'amd64', os.version: '10.0', java.version: '11.0.12'
    Driver info: driver.version: unknown
        at Object.checkLegacyResponse (C:\Users\dr00810779\AppData\Roaming\npm\node_modules\protractor\node_modules\selenium-webdriver\lib\error.js:553:13)
        at parseHttpResponse (C:\Users\dr00810779\AppData\Roaming\npm\node_modules\protractor\node_modules\selenium-webdriver\lib\http.js:509:13)
        at C:\Users\dr00810779\AppData\Roaming\npm\node_modules\protractor\node_modules\selenium-webdriver\lib\http.js:441:30
        at runMicrotasks (<anonymous>)
        at processTicksAndRejections (internal/process/task_queues.js:95:5)
    From: Task: WebDriver.findElements(By(xpath,  //a[@href="/vbnet/spiderchartApp"]))
        at thenableWebDriverProxy.schedule (C:\Users\dr00810779\AppData\Roaming\npm\node_modules\protractor\node_modules\selenium-webdriver\lib\webdriver.js:807:17)
        at thenableWebDriverProxy.findElements (C:\Users\dr00810779\AppData\Roaming\npm\node_modules\protractor\node_modules\selenium-webdriver\lib\webdriver.js:1048:19)
        at C:\Users\dr00810779\AppData\Roaming\npm\node_modules\protractor\built\element.js:159:44
        at ManagedPromise.invokeCallback_ (C:\Users\dr00810779\AppData\Roaming\npm\node_modules\protractor\node_modules\selenium-webdriver\lib\promise.js:1376:14)
        at TaskQueue.execute_ (C:\Users\dr00810779\AppData\Roaming\npm\node_modules\protractor\node_modules\selenium-webdriver\lib\promise.js:3084:14)
        at TaskQueue.executeNext_ (C:\Users\dr00810779\AppData\Roaming\npm\node_modules\protractor\node_modules\selenium-webdriver\lib\promise.js:3067:27)
        at C:\Users\dr00810779\AppData\Roaming\npm\node_modules\protractor\node_modules\selenium-webdriver\lib\promise.js:2927:27
        at C:\Users\dr00810779\AppData\Roaming\npm\node_modules\protractor\node_modules\selenium-webdriver\lib\promise.js:668:7
    From: Task: <anonymous>
        at Timeout.pollCondition [as _onTimeout] (C:\Users\dr00810779\AppData\Roaming\npm\node_modules\protractor\node_modules\selenium-webdriver\lib\promise.js:2195:19)
        at listOnTimeout (internal/timers.js:557:17)
        at processTimers (internal/timers.js:500:7)
    From: Task: Element taking too long to appear in the DOM
        at scheduleWait (C:\Users\dr00810779\AppData\Roaming\npm\node_modules\protractor\node_modules\selenium-webdriver\lib\promise.js:2188:20)
        at ControlFlow.wait (C:\Users\dr00810779\AppData\Roaming\npm\node_modules\protractor\node_modules\selenium-webdriver\lib\promise.js:2517:12)
        at thenableWebDriverProxy.wait (C:\Users\dr00810779\AppData\Roaming\npm\node_modules\protractor\node_modules\selenium-webdriver\lib\webdriver.js:934:29)
        at run (C:\Users\dr00810779\AppData\Roaming\npm\node_modules\protractor\built\browser.js:58:33)
        at ProtractorBrowser.to.<computed> [as wait] (C:\Users\dr00810779\AppData\Roaming\npm\node_modules\protractor\built\browser.js:66:16)
        at UserContext.<anonymous> (D:\iTAP\Recorded_Scenarios\testRun\vbnet\spec.js:3281:9)
        at C:\Users\dr00810779\AppData\Roaming\npm\node_modules\protractor\node_modules\jasminewd2\index.js:112:25
        at new ManagedPromise (C:\Users\dr00810779\AppData\Roaming\npm\node_modules\protractor\node_modules\selenium-webdriver\lib\promise.js:1077:7)
        at ControlFlow.promise (C:\Users\dr00810779\AppData\Roaming\npm\node_modules\protractor\node_modules\selenium-webdriver\lib\promise.js:2505:12)
        at schedulerExecute (C:\Users\dr00810779\AppData\Roaming\npm\node_modules\protractor\node_modules\jasminewd2\index.js:95:18)
    From: Task: Run it("spider_testcase12") in control flow
        at UserContext.<anonymous> (C:\Users\dr00810779\AppData\Roaming\npm\node_modules\protractor\node_modules\jasminewd2\index.js:94:19)
    From asynchronous test: 
    Error
        at Suite.<anonymous> (D:\iTAP\Recorded_Scenarios\testRun\vbnet\spec.js:3165:1)
        at Object.<anonymous> (D:\iTAP\Recorded_Scenarios\testRun\vbnet\spec.js:6:26)
        at Module._compile (internal/modules/cjs/loader.js:1085:14)
        at Object.Module._extensions..js (internal/modules/cjs/loader.js:1114:10)
        at Module.load (internal/modules/cjs/loader.js:950:32)
        at Function.Module._load (internal/modules/cjs/loader.js:790:14)

5) vbnet screenval_testcase13
  Message:
[31m    Failed: No element found using locator: By(xpath, /html/body/app-root/app-layout/section/app-cicsvalidation-app/div[4]/div[5]/button)[0m
  Stack:
    NoSuchElementError: No element found using locator: By(xpath, /html/body/app-root/app-layout/section/app-cicsvalidation-app/div[4]/div[5]/button)
        at C:\Users\dr00810779\AppData\Roaming\npm\node_modules\protractor\built\element.js:814:27
        at ManagedPromise.invokeCallback_ (C:\Users\dr00810779\AppData\Roaming\npm\node_modules\protractor\node_modules\selenium-webdriver\lib\promise.js:1376:14)
        at TaskQueue.execute_ (C:\Users\dr00810779\AppData\Roaming\npm\node_modules\protractor\node_modules\selenium-webdriver\lib\promise.js:3084:14)
        at TaskQueue.executeNext_ (C:\Users\dr00810779\AppData\Roaming\npm\node_modules\protractor\node_modules\selenium-webdriver\lib\promise.js:3067:27)
        at C:\Users\dr00810779\AppData\Roaming\npm\node_modules\protractor\node_modules\selenium-webdriver\lib\promise.js:2927:27
        at C:\Users\dr00810779\AppData\Roaming\npm\node_modules\protractor\node_modules\selenium-webdriver\lib\promise.js:668:7
        at runMicrotasks (<anonymous>)
        at processTicksAndRejections (internal/process/task_queues.js:95:5)Error
        at ElementArrayFinder.applyAction_ (C:\Users\dr00810779\AppData\Roaming\npm\node_modules\protractor\built\element.js:459:27)
        at ElementArrayFinder.<computed> [as isEnabled] (C:\Users\dr00810779\AppData\Roaming\npm\node_modules\protractor\built\element.js:91:29)
        at ElementFinder.<computed> [as isEnabled] (C:\Users\dr00810779\AppData\Roaming\npm\node_modules\protractor\built\element.js:831:22)
        at UserContext.<anonymous> (D:\iTAP\Recorded_Scenarios\testRun\vbnet\spec.js:3846:105)
        at C:\Users\dr00810779\AppData\Roaming\npm\node_modules\protractor\node_modules\jasminewd2\index.js:112:25
        at new ManagedPromise (C:\Users\dr00810779\AppData\Roaming\npm\node_modules\protractor\node_modules\selenium-webdriver\lib\promise.js:1077:7)
        at ControlFlow.promise (C:\Users\dr00810779\AppData\Roaming\npm\node_modules\protractor\node_modules\selenium-webdriver\lib\promise.js:2505:12)
        at schedulerExecute (C:\Users\dr00810779\AppData\Roaming\npm\node_modules\protractor\node_modules\jasminewd2\index.js:95:18)
        at TaskQueue.execute_ (C:\Users\dr00810779\AppData\Roaming\npm\node_modules\protractor\node_modules\selenium-webdriver\lib\promise.js:3084:14)
        at TaskQueue.executeNext_ (C:\Users\dr00810779\AppData\Roaming\npm\node_modules\protractor\node_modules\selenium-webdriver\lib\promise.js:3067:27)
    From: Task: Run it("screenval_testcase13") in control flow
        at UserContext.<anonymous> (C:\Users\dr00810779\AppData\Roaming\npm\node_modules\protractor\node_modules\jasminewd2\index.js:94:19)
    From asynchronous test: 
    Error
        at Suite.<anonymous> (D:\iTAP\Recorded_Scenarios\testRun\vbnet\spec.js:3586:1)
        at Object.<anonymous> (D:\iTAP\Recorded_Scenarios\testRun\vbnet\spec.js:6:26)
        at Module._compile (internal/modules/cjs/loader.js:1085:14)
        at Object.Module._extensions..js (internal/modules/cjs/loader.js:1114:10)
        at Module.load (internal/modules/cjs/loader.js:950:32)
        at Function.Module._load (internal/modules/cjs/loader.js:790:14)

6) vbnet screenharvest_testcase14
  Message:
[31m    Failed: unexpected alert open: {Alert text : }
      (Session info: chrome=104.0.5112.81): {Alert text : 
    Build info: version: '3.141.59', revision: 'e82be7d358', time: '2018-11-14T08:25:53'
    System info: host: 'INCHCMLP12070', ip: '192.168.1.102', os.name: 'Windows 10', os.arch: 'amd64', os.version: '10.0', java.version: '11.0.12'
    Driver info: driver.version: unknown[0m
  Stack:
    UnexpectedAlertOpenError: unexpected alert open: {Alert text : }
      (Session info: chrome=104.0.5112.81): {Alert text : 
    Build info: version: '3.141.59', revision: 'e82be7d358', time: '2018-11-14T08:25:53'
    System info: host: 'INCHCMLP12070', ip: '192.168.1.102', os.name: 'Windows 10', os.arch: 'amd64', os.version: '10.0', java.version: '11.0.12'
    Driver info: driver.version: unknown
        at Object.checkLegacyResponse (C:\Users\dr00810779\AppData\Roaming\npm\node_modules\protractor\node_modules\selenium-webdriver\lib\error.js:553:13)
        at parseHttpResponse (C:\Users\dr00810779\AppData\Roaming\npm\node_modules\protractor\node_modules\selenium-webdriver\lib\http.js:509:13)
        at C:\Users\dr00810779\AppData\Roaming\npm\node_modules\protractor\node_modules\selenium-webdriver\lib\http.js:441:30
        at runMicrotasks (<anonymous>)
        at processTicksAndRejections (internal/process/task_queues.js:95:5)
    From: Task: WebDriver.findElements(By(xpath, //input[@id="Uname"]))
        at thenableWebDriverProxy.schedule (C:\Users\dr00810779\AppData\Roaming\npm\node_modules\protractor\node_modules\selenium-webdriver\lib\webdriver.js:807:17)
        at thenableWebDriverProxy.findElements (C:\Users\dr00810779\AppData\Roaming\npm\node_modules\protractor\node_modules\selenium-webdriver\lib\webdriver.js:1048:19)
        at C:\Users\dr00810779\AppData\Roaming\npm\node_modules\protractor\built\element.js:159:44
        at ManagedPromise.invokeCallback_ (C:\Users\dr00810779\AppData\Roaming\npm\node_modules\protractor\node_modules\selenium-webdriver\lib\promise.js:1376:14)
        at TaskQueue.execute_ (C:\Users\dr00810779\AppData\Roaming\npm\node_modules\protractor\node_modules\selenium-webdriver\lib\promise.js:3084:14)
        at TaskQueue.executeNext_ (C:\Users\dr00810779\AppData\Roaming\npm\node_modules\protractor\node_modules\selenium-webdriver\lib\promise.js:3067:27)
        at C:\Users\dr00810779\AppData\Roaming\npm\node_modules\protractor\node_modules\selenium-webdriver\lib\promise.js:2927:27
        at C:\Users\dr00810779\AppData\Roaming\npm\node_modules\protractor\node_modules\selenium-webdriver\lib\promise.js:668:7
    From: Task: <anonymous>
        at pollCondition (C:\Users\dr00810779\AppData\Roaming\npm\node_modules\protractor\node_modules\selenium-webdriver\lib\promise.js:2195:19)
        at C:\Users\dr00810779\AppData\Roaming\npm\node_modules\protractor\node_modules\selenium-webdriver\lib\promise.js:2191:7
        at new ManagedPromise (C:\Users\dr00810779\AppData\Roaming\npm\node_modules\protractor\node_modules\selenium-webdriver\lib\promise.js:1077:7)
        at ControlFlow.promise (C:\Users\dr00810779\AppData\Roaming\npm\node_modules\protractor\node_modules\selenium-webdriver\lib\promise.js:2505:12)
        at C:\Users\dr00810779\AppData\Roaming\npm\node_modules\protractor\node_modules\selenium-webdriver\lib\promise.js:2190:22
        at TaskQueue.execute_ (C:\Users\dr00810779\AppData\Roaming\npm\node_modules\protractor\node_modules\selenium-webdriver\lib\promise.js:3084:14)
        at TaskQueue.executeNext_ (C:\Users\dr00810779\AppData\Roaming\npm\node_modules\protractor\node_modules\selenium-webdriver\lib\promise.js:3067:27)
        at C:\Users\dr00810779\AppData\Roaming\npm\node_modules\protractor\node_modules\selenium-webdriver\lib\promise.js:2927:27
        at C:\Users\dr00810779\AppData\Roaming\npm\node_modules\protractor\node_modules\selenium-webdriver\lib\promise.js:668:7
    From: Task: Element taking too long to appear in the DOM
        at scheduleWait (C:\Users\dr00810779\AppData\Roaming\npm\node_modules\protractor\node_modules\selenium-webdriver\lib\promise.js:2188:20)
        at ControlFlow.wait (C:\Users\dr00810779\AppData\Roaming\npm\node_modules\protractor\node_modules\selenium-webdriver\lib\promise.js:2517:12)
        at thenableWebDriverProxy.wait (C:\Users\dr00810779\AppData\Roaming\npm\node_modules\protractor\node_modules\selenium-webdriver\lib\webdriver.js:934:29)
        at run (C:\Users\dr00810779\AppData\Roaming\npm\node_modules\protractor\built\browser.js:58:33)
        at ProtractorBrowser.to.<computed> [as wait] (C:\Users\dr00810779\AppData\Roaming\npm\node_modules\protractor\built\browser.js:66:16)
        at UserContext.<anonymous> (D:\iTAP\Recorded_Scenarios\testRun\vbnet\spec.js:3948:9)
        at C:\Users\dr00810779\AppData\Roaming\npm\node_modules\protractor\node_modules\jasminewd2\index.js:112:25
        at new ManagedPromise (C:\Users\dr00810779\AppData\Roaming\npm\node_modules\protractor\node_modules\selenium-webdriver\lib\promise.js:1077:7)
        at ControlFlow.promise (C:\Users\dr00810779\AppData\Roaming\npm\node_modules\protractor\node_modules\selenium-webdriver\lib\promise.js:2505:12)
        at schedulerExecute (C:\Users\dr00810779\AppData\Roaming\npm\node_modules\protractor\node_modules\jasminewd2\index.js:95:18)
    From: Task: Run it("screenharvest_testcase14") in control flow
        at UserContext.<anonymous> (C:\Users\dr00810779\AppData\Roaming\npm\node_modules\protractor\node_modules\jasminewd2\index.js:94:19)
    From asynchronous test: 
    Error
        at Suite.<anonymous> (D:\iTAP\Recorded_Scenarios\testRun\vbnet\spec.js:3926:1)
        at Object.<anonymous> (D:\iTAP\Recorded_Scenarios\testRun\vbnet\spec.js:6:26)
        at Module._compile (internal/modules/cjs/loader.js:1085:14)
        at Object.Module._extensions..js (internal/modules/cjs/loader.js:1114:10)
        at Module.load (internal/modules/cjs/loader.js:950:32)
        at Function.Module._load (internal/modules/cjs/loader.js:790:14)

7) vbnet processflowdwnld_testcase23
  Message:
[31m    Failed: Cannot find module 'glob'
    Require stack:
    - D:\iTAP\Recorded_Scenarios\testRun\vbnet\spec.js
    - C:\Users\dr00810779\AppData\Roaming\npm\node_modules\protractor\node_modules\jasmine\lib\jasmine.js
    - C:\Users\dr00810779\AppData\Roaming\npm\node_modules\protractor\built\frameworks\jasmine.js
    - C:\Users\dr00810779\AppData\Roaming\npm\node_modules\protractor\built\runner.js
    - C:\Users\dr00810779\AppData\Roaming\npm\node_modules\protractor\built\launcher.js
    - C:\Users\dr00810779\AppData\Roaming\npm\node_modules\protractor\built\cli.js
    - C:\Users\dr00810779\AppData\Roaming\npm\node_modules\protractor\bin\protractor[0m
  Stack:
    Error: Cannot find module 'glob'
    Require stack:
    - D:\iTAP\Recorded_Scenarios\testRun\vbnet\spec.js
    - C:\Users\dr00810779\AppData\Roaming\npm\node_modules\protractor\node_modules\jasmine\lib\jasmine.js
    - C:\Users\dr00810779\AppData\Roaming\npm\node_modules\protractor\built\frameworks\jasmine.js
    - C:\Users\dr00810779\AppData\Roaming\npm\node_modules\protractor\built\runner.js
    - C:\Users\dr00810779\AppData\Roaming\npm\node_modules\protractor\built\launcher.js
    - C:\Users\dr00810779\AppData\Roaming\npm\node_modules\protractor\built\cli.js
    - C:\Users\dr00810779\AppData\Roaming\npm\node_modules\protractor\bin\protractor
        at Function.Module._resolveFilename (internal/modules/cjs/loader.js:902:15)
        at Function.Module._load (internal/modules/cjs/loader.js:746:27)
        at Module.require (internal/modules/cjs/loader.js:974:19)
        at require (internal/modules/cjs/helpers.js:92:18)
        at UserContext.<anonymous> (D:\iTAP\Recorded_Scenarios\testRun\vbnet\spec.js:7660:12)
        at C:\Users\dr00810779\AppData\Roaming\npm\node_modules\protractor\node_modules\jasminewd2\index.js:112:25
        at new ManagedPromise (C:\Users\dr00810779\AppData\Roaming\npm\node_modules\protractor\node_modules\selenium-webdriver\lib\promise.js:1077:7)
        at ControlFlow.promise (C:\Users\dr00810779\AppData\Roaming\npm\node_modules\protractor\node_modules\selenium-webdriver\lib\promise.js:2505:12)
        at schedulerExecute (C:\Users\dr00810779\AppData\Roaming\npm\node_modules\protractor\node_modules\jasminewd2\index.js:95:18)
        at TaskQueue.execute_ (C:\Users\dr00810779\AppData\Roaming\npm\node_modules\protractor\node_modules\selenium-webdriver\lib\promise.js:3084:14)
    From: Task: Run it("processflowdwnld_testcase23") in control flow
        at UserContext.<anonymous> (C:\Users\dr00810779\AppData\Roaming\npm\node_modules\protractor\node_modules\jasminewd2\index.js:94:19)
    From asynchronous test: 
    Error
        at Suite.<anonymous> (D:\iTAP\Recorded_Scenarios\testRun\vbnet\spec.js:7324:1)
        at Object.<anonymous> (D:\iTAP\Recorded_Scenarios\testRun\vbnet\spec.js:6:26)
        at Module._compile (internal/modules/cjs/loader.js:1085:14)
        at Object.Module._extensions..js (internal/modules/cjs/loader.js:1114:10)
        at Module.load (internal/modules/cjs/loader.js:950:32)
        at Function.Module._load (internal/modules/cjs/loader.js:790:14)

8) vbnet miexceldwnld_testcase29
  Message:
[31m    Failed: Cannot find module 'glob'
    Require stack:
    - D:\iTAP\Recorded_Scenarios\testRun\vbnet\spec.js
    - C:\Users\dr00810779\AppData\Roaming\npm\node_modules\protractor\node_modules\jasmine\lib\jasmine.js
    - C:\Users\dr00810779\AppData\Roaming\npm\node_modules\protractor\built\frameworks\jasmine.js
    - C:\Users\dr00810779\AppData\Roaming\npm\node_modules\protractor\built\runner.js
    - C:\Users\dr00810779\AppData\Roaming\npm\node_modules\protractor\built\launcher.js
    - C:\Users\dr00810779\AppData\Roaming\npm\node_modules\protractor\built\cli.js
    - C:\Users\dr00810779\AppData\Roaming\npm\node_modules\protractor\bin\protractor[0m
  Stack:
    Error: Cannot find module 'glob'
    Require stack:
    - D:\iTAP\Recorded_Scenarios\testRun\vbnet\spec.js
    - C:\Users\dr00810779\AppData\Roaming\npm\node_modules\protractor\node_modules\jasmine\lib\jasmine.js
    - C:\Users\dr00810779\AppData\Roaming\npm\node_modules\protractor\built\frameworks\jasmine.js
    - C:\Users\dr00810779\AppData\Roaming\npm\node_modules\protractor\built\runner.js
    - C:\Users\dr00810779\AppData\Roaming\npm\node_modules\protractor\built\launcher.js
    - C:\Users\dr00810779\AppData\Roaming\npm\node_modules\protractor\built\cli.js
    - C:\Users\dr00810779\AppData\Roaming\npm\node_modules\protractor\bin\protractor
        at Function.Module._resolveFilename (internal/modules/cjs/loader.js:902:15)
        at Function.Module._load (internal/modules/cjs/loader.js:746:27)
        at Module.require (internal/modules/cjs/loader.js:974:19)
        at require (internal/modules/cjs/helpers.js:92:18)
        at UserContext.<anonymous> (D:\iTAP\Recorded_Scenarios\testRun\vbnet\spec.js:9891:12)
        at C:\Users\dr00810779\AppData\Roaming\npm\node_modules\protractor\node_modules\jasminewd2\index.js:112:25
        at new ManagedPromise (C:\Users\dr00810779\AppData\Roaming\npm\node_modules\protractor\node_modules\selenium-webdriver\lib\promise.js:1077:7)
        at ControlFlow.promise (C:\Users\dr00810779\AppData\Roaming\npm\node_modules\protractor\node_modules\selenium-webdriver\lib\promise.js:2505:12)
        at schedulerExecute (C:\Users\dr00810779\AppData\Roaming\npm\node_modules\protractor\node_modules\jasminewd2\index.js:95:18)
        at TaskQueue.execute_ (C:\Users\dr00810779\AppData\Roaming\npm\node_modules\protractor\node_modules\selenium-webdriver\lib\promise.js:3084:14)
    From: Task: Run it("miexceldwnld_testcase29") in control flow
        at UserContext.<anonymous> (C:\Users\dr00810779\AppData\Roaming\npm\node_modules\protractor\node_modules\jasminewd2\index.js:94:19)
    From asynchronous test: 
    Error
        at Suite.<anonymous> (D:\iTAP\Recorded_Scenarios\testRun\vbnet\spec.js:9564:1)
        at Object.<anonymous> (D:\iTAP\Recorded_Scenarios\testRun\vbnet\spec.js:6:26)
        at Module._compile (internal/modules/cjs/loader.js:1085:14)
        at Object.Module._extensions..js (internal/modules/cjs/loader.js:1114:10)
        at Module.load (internal/modules/cjs/loader.js:950:32)
        at Function.Module._load (internal/modules/cjs/loader.js:790:14)

9) vbnet fileupload_testcase39
  Message:
[31m    Failed: invalid argument: File not found : C:akepathiTAPjava.xlsx
      (Session info: chrome=104.0.5112.81)
    Build info: version: '3.141.59', revision: 'e82be7d358', time: '2018-11-14T08:25:53'
    System info: host: 'INCHCMLP12070', ip: '192.168.1.102', os.name: 'Windows 10', os.arch: 'amd64', os.version: '10.0', java.version: '11.0.12'
    Driver info: driver.version: unknown[0m
  Stack:
    WebDriverError: invalid argument: File not found : C:akepathiTAPjava.xlsx
      (Session info: chrome=104.0.5112.81)
    Build info: version: '3.141.59', revision: 'e82be7d358', time: '2018-11-14T08:25:53'
    System info: host: 'INCHCMLP12070', ip: '192.168.1.102', os.name: 'Windows 10', os.arch: 'amd64', os.version: '10.0', java.version: '11.0.12'
    Driver info: driver.version: unknown
        at Object.checkLegacyResponse (C:\Users\dr00810779\AppData\Roaming\npm\node_modules\protractor\node_modules\selenium-webdriver\lib\error.js:546:15)
        at parseHttpResponse (C:\Users\dr00810779\AppData\Roaming\npm\node_modules\protractor\node_modules\selenium-webdriver\lib\http.js:509:13)
        at C:\Users\dr00810779\AppData\Roaming\npm\node_modules\protractor\node_modules\selenium-webdriver\lib\http.js:441:30
        at runMicrotasks (<anonymous>)
        at processTicksAndRejections (internal/process/task_queues.js:95:5)
    From: Task: WebElement.sendKeys()
        at thenableWebDriverProxy.schedule (C:\Users\dr00810779\AppData\Roaming\npm\node_modules\protractor\node_modules\selenium-webdriver\lib\webdriver.js:807:17)
        at WebElement.schedule_ (C:\Users\dr00810779\AppData\Roaming\npm\node_modules\protractor\node_modules\selenium-webdriver\lib\webdriver.js:2010:25)
        at WebElement.sendKeys (C:\Users\dr00810779\AppData\Roaming\npm\node_modules\protractor\node_modules\selenium-webdriver\lib\webdriver.js:2174:19)
        at actionFn (C:\Users\dr00810779\AppData\Roaming\npm\node_modules\protractor\built\element.js:89:44)
        at Array.map (<anonymous>)
        at C:\Users\dr00810779\AppData\Roaming\npm\node_modules\protractor\built\element.js:461:65
        at ManagedPromise.invokeCallback_ (C:\Users\dr00810779\AppData\Roaming\npm\node_modules\protractor\node_modules\selenium-webdriver\lib\promise.js:1376:14)
        at TaskQueue.execute_ (C:\Users\dr00810779\AppData\Roaming\npm\node_modules\protractor\node_modules\selenium-webdriver\lib\promise.js:3084:14)
        at TaskQueue.executeNext_ (C:\Users\dr00810779\AppData\Roaming\npm\node_modules\protractor\node_modules\selenium-webdriver\lib\promise.js:3067:27)
        at C:\Users\dr00810779\AppData\Roaming\npm\node_modules\protractor\node_modules\selenium-webdriver\lib\promise.js:2927:27Error
        at ElementArrayFinder.applyAction_ (C:\Users\dr00810779\AppData\Roaming\npm\node_modules\protractor\built\element.js:459:27)
        at ElementArrayFinder.<computed> [as sendKeys] (C:\Users\dr00810779\AppData\Roaming\npm\node_modules\protractor\built\element.js:91:29)
        at ElementFinder.<computed> [as sendKeys] (C:\Users\dr00810779\AppData\Roaming\npm\node_modules\protractor\built\element.js:831:22)
        at UserContext.<anonymous> (D:\iTAP\Recorded_Scenarios\testRun\vbnet\spec.js:12795:51)
        at C:\Users\dr00810779\AppData\Roaming\npm\node_modules\protractor\node_modules\jasminewd2\index.js:112:25
        at new ManagedPromise (C:\Users\dr00810779\AppData\Roaming\npm\node_modules\protractor\node_modules\selenium-webdriver\lib\promise.js:1077:7)
        at ControlFlow.promise (C:\Users\dr00810779\AppData\Roaming\npm\node_modules\protractor\node_modules\selenium-webdriver\lib\promise.js:2505:12)
        at schedulerExecute (C:\Users\dr00810779\AppData\Roaming\npm\node_modules\protractor\node_modules\jasminewd2\index.js:95:18)
        at TaskQueue.execute_ (C:\Users\dr00810779\AppData\Roaming\npm\node_modules\protractor\node_modules\selenium-webdriver\lib\promise.js:3084:14)
        at TaskQueue.executeNext_ (C:\Users\dr00810779\AppData\Roaming\npm\node_modules\protractor\node_modules\selenium-webdriver\lib\promise.js:3067:27)
    From: Task: Run it("fileupload_testcase39") in control flow
        at UserContext.<anonymous> (C:\Users\dr00810779\AppData\Roaming\npm\node_modules\protractor\node_modules\jasminewd2\index.js:94:19)
    From asynchronous test: 
    Error
        at Suite.<anonymous> (D:\iTAP\Recorded_Scenarios\testRun\vbnet\spec.js:12635:1)
        at Object.<anonymous> (D:\iTAP\Recorded_Scenarios\testRun\vbnet\spec.js:6:26)
        at Module._compile (internal/modules/cjs/loader.js:1085:14)
        at Object.Module._extensions..js (internal/modules/cjs/loader.js:1114:10)
        at Module.load (internal/modules/cjs/loader.js:950:32)
        at Function.Module._load (internal/modules/cjs/loader.js:790:14)

10) vbnet dashboardtext_testcase40
  Message:
[31m    Failed: unexpected alert open: {Alert text : }
      (Session info: chrome=104.0.5112.81): {Alert text : 
    Build info: version: '3.141.59', revision: 'e82be7d358', time: '2018-11-14T08:25:53'
    System info: host: 'INCHCMLP12070', ip: '192.168.1.102', os.name: 'Windows 10', os.arch: 'amd64', os.version: '10.0', java.version: '11.0.12'
    Driver info: driver.version: unknown[0m
  Stack:
    UnexpectedAlertOpenError: unexpected alert open: {Alert text : }
      (Session info: chrome=104.0.5112.81): {Alert text : 
    Build info: version: '3.141.59', revision: 'e82be7d358', time: '2018-11-14T08:25:53'
    System info: host: 'INCHCMLP12070', ip: '192.168.1.102', os.name: 'Windows 10', os.arch: 'amd64', os.version: '10.0', java.version: '11.0.12'
    Driver info: driver.version: unknown
        at Object.checkLegacyResponse (C:\Users\dr00810779\AppData\Roaming\npm\node_modules\protractor\node_modules\selenium-webdriver\lib\error.js:553:13)
        at parseHttpResponse (C:\Users\dr00810779\AppData\Roaming\npm\node_modules\protractor\node_modules\selenium-webdriver\lib\http.js:509:13)
        at C:\Users\dr00810779\AppData\Roaming\npm\node_modules\protractor\node_modules\selenium-webdriver\lib\http.js:441:30
        at runMicrotasks (<anonymous>)
        at processTicksAndRejections (internal/process/task_queues.js:95:5)
    From: Task: WebDriver.findElements(By(xpath, //div))
        at thenableWebDriverProxy.schedule (C:\Users\dr00810779\AppData\Roaming\npm\node_modules\protractor\node_modules\selenium-webdriver\lib\webdriver.js:807:17)
        at thenableWebDriverProxy.findElements (C:\Users\dr00810779\AppData\Roaming\npm\node_modules\protractor\node_modules\selenium-webdriver\lib\webdriver.js:1048:19)
        at C:\Users\dr00810779\AppData\Roaming\npm\node_modules\protractor\built\element.js:159:44
        at ManagedPromise.invokeCallback_ (C:\Users\dr00810779\AppData\Roaming\npm\node_modules\protractor\node_modules\selenium-webdriver\lib\promise.js:1376:14)
        at TaskQueue.execute_ (C:\Users\dr00810779\AppData\Roaming\npm\node_modules\protractor\node_modules\selenium-webdriver\lib\promise.js:3084:14)
        at TaskQueue.executeNext_ (C:\Users\dr00810779\AppData\Roaming\npm\node_modules\protractor\node_modules\selenium-webdriver\lib\promise.js:3067:27)
        at C:\Users\dr00810779\AppData\Roaming\npm\node_modules\protractor\node_modules\selenium-webdriver\lib\promise.js:2927:27
        at C:\Users\dr00810779\AppData\Roaming\npm\node_modules\protractor\node_modules\selenium-webdriver\lib\promise.js:668:7
    From: Task: <anonymous>
        at pollCondition (C:\Users\dr00810779\AppData\Roaming\npm\node_modules\protractor\node_modules\selenium-webdriver\lib\promise.js:2195:19)
        at C:\Users\dr00810779\AppData\Roaming\npm\node_modules\protractor\node_modules\selenium-webdriver\lib\promise.js:2191:7
        at new ManagedPromise (C:\Users\dr00810779\AppData\Roaming\npm\node_modules\protractor\node_modules\selenium-webdriver\lib\promise.js:1077:7)
        at ControlFlow.promise (C:\Users\dr00810779\AppData\Roaming\npm\node_modules\protractor\node_modules\selenium-webdriver\lib\promise.js:2505:12)
        at C:\Users\dr00810779\AppData\Roaming\npm\node_modules\protractor\node_modules\selenium-webdriver\lib\promise.js:2190:22
        at TaskQueue.execute_ (C:\Users\dr00810779\AppData\Roaming\npm\node_modules\protractor\node_modules\selenium-webdriver\lib\promise.js:3084:14)
        at TaskQueue.executeNext_ (C:\Users\dr00810779\AppData\Roaming\npm\node_modules\protractor\node_modules\selenium-webdriver\lib\promise.js:3067:27)
        at C:\Users\dr00810779\AppData\Roaming\npm\node_modules\protractor\node_modules\selenium-webdriver\lib\promise.js:2927:27
        at C:\Users\dr00810779\AppData\Roaming\npm\node_modules\protractor\node_modules\selenium-webdriver\lib\promise.js:668:7
    From: Task: Element taking too long to appear in the DOM
        at scheduleWait (C:\Users\dr00810779\AppData\Roaming\npm\node_modules\protractor\node_modules\selenium-webdriver\lib\promise.js:2188:20)
        at ControlFlow.wait (C:\Users\dr00810779\AppData\Roaming\npm\node_modules\protractor\node_modules\selenium-webdriver\lib\promise.js:2517:12)
        at thenableWebDriverProxy.wait (C:\Users\dr00810779\AppData\Roaming\npm\node_modules\protractor\node_modules\selenium-webdriver\lib\webdriver.js:934:29)
        at run (C:\Users\dr00810779\AppData\Roaming\npm\node_modules\protractor\built\browser.js:58:33)
        at ProtractorBrowser.to.<computed> [as wait] (C:\Users\dr00810779\AppData\Roaming\npm\node_modules\protractor\built\browser.js:66:16)
        at UserContext.<anonymous> (D:\iTAP\Recorded_Scenarios\testRun\vbnet\spec.js:12927:9)
        at C:\Users\dr00810779\AppData\Roaming\npm\node_modules\protractor\node_modules\jasminewd2\index.js:112:25
        at new ManagedPromise (C:\Users\dr00810779\AppData\Roaming\npm\node_modules\protractor\node_modules\selenium-webdriver\lib\promise.js:1077:7)
        at ControlFlow.promise (C:\Users\dr00810779\AppData\Roaming\npm\node_modules\protractor\node_modules\selenium-webdriver\lib\promise.js:2505:12)
        at schedulerExecute (C:\Users\dr00810779\AppData\Roaming\npm\node_modules\protractor\node_modules\jasminewd2\index.js:95:18)
    From: Task: Run it("dashboardtext_testcase40") in control flow
        at UserContext.<anonymous> (C:\Users\dr00810779\AppData\Roaming\npm\node_modules\protractor\node_modules\jasminewd2\index.js:94:19)
    From asynchronous test: 
    Error
        at Suite.<anonymous> (D:\iTAP\Recorded_Scenarios\testRun\vbnet\spec.js:12904:1)
        at Object.<anonymous> (D:\iTAP\Recorded_Scenarios\testRun\vbnet\spec.js:6:26)
        at Module._compile (internal/modules/cjs/loader.js:1085:14)
        at Object.Module._extensions..js (internal/modules/cjs/loader.js:1114:10)
        at Module.load (internal/modules/cjs/loader.js:950:32)
        at Function.Module._load (internal/modules/cjs/loader.js:790:14)

51 specs, 10 failures
Finished in 853.386 seconds

[31mAn error was thrown in an afterAll[0m
[31mAfterAll Error: charData should not contain characters not allowed in XML[0m
[19:28:41] I/launcher - 0 instance(s) of WebDriver still running
[19:28:41] I/launcher - chrome #01 failed 10 test(s)
[19:28:41] I/launcher - overall: 10 failed spec(s)
[19:28:41] E/launcher - Process exited with error code 1
